D, [2017-10-25T09:03:58.178998 #13288] DEBUG -- : REQUESTING PAGE: GET / with {} and HTTP headers {}
D, [2017-10-25T09:03:58.343317 #13288] DEBUG -- : REQUESTING PAGE: GET / with {} and HTTP headers {}
D, [2017-10-25T09:03:58.358941 #13288] DEBUG -- : REQUESTING PAGE: POST /start with {} and HTTP headers {"HTTP_REFERER"=>"/"}
D, [2017-10-25T09:03:58.392580 #13288] DEBUG -- : REQUESTING PAGE: GET / with {} and HTTP headers {}
D, [2017-10-25T09:03:58.408207 #13288] DEBUG -- : REQUESTING PAGE: POST /start with {} and HTTP headers {"HTTP_REFERER"=>"/"}
D, [2017-10-25T09:03:58.423833 #13288] DEBUG -- : REQUESTING PAGE: POST /pointToJ1 with {} and HTTP headers {"HTTP_REFERER"=>"/start"}
D, [2017-10-25T09:03:58.455081 #13288] DEBUG -- : REQUESTING PAGE: GET / with {} and HTTP headers {}
D, [2017-10-25T09:03:58.480727 #13288] DEBUG -- : REQUESTING PAGE: POST /start with {} and HTTP headers {"HTTP_REFERER"=>"/"}
D, [2017-10-25T09:03:58.480727 #13288] DEBUG -- : REQUESTING PAGE: POST /pointToJ2 with {} and HTTP headers {"HTTP_REFERER"=>"/start"}
D, [2017-10-25T09:03:58.511995 #13288] DEBUG -- : REQUESTING PAGE: GET / with {} and HTTP headers {}
D, [2017-10-25T09:03:58.543245 #13288] DEBUG -- : REQUESTING PAGE: POST /start with {} and HTTP headers {"HTTP_REFERER"=>"/"}
D, [2017-10-25T09:03:58.543245 #13288] DEBUG -- : REQUESTING PAGE: POST /pointToJ2 with {} and HTTP headers {"HTTP_REFERER"=>"/start"}
D, [2017-10-25T09:03:58.558870 #13288] DEBUG -- : REQUESTING PAGE: POST /pointToJ1 with {} and HTTP headers {"HTTP_REFERER"=>"/pointToJ2"}
D, [2017-10-25T09:03:58.596668 #13288] DEBUG -- : REQUESTING PAGE: GET / with {} and HTTP headers {}
D, [2017-10-25T09:03:58.612275 #13288] DEBUG -- : REQUESTING PAGE: POST /start with {} and HTTP headers {"HTTP_REFERER"=>"/"}
D, [2017-10-25T09:03:58.612275 #13288] DEBUG -- : REQUESTING PAGE: POST /pointToJ2 with {} and HTTP headers {"HTTP_REFERER"=>"/start"}
D, [2017-10-25T09:03:58.631192 #13288] DEBUG -- : REQUESTING PAGE: POST /pointToJ2 with {} and HTTP headers {"HTTP_REFERER"=>"/pointToJ2"}
D, [2017-10-25T09:03:58.646818 #13288] DEBUG -- : REQUESTING PAGE: GET / with {} and HTTP headers {}
D, [2017-10-25T09:03:58.662443 #13288] DEBUG -- : REQUESTING PAGE: POST /start with {} and HTTP headers {"HTTP_REFERER"=>"/"}
D, [2017-10-25T09:03:58.680961 #13288] DEBUG -- : REQUESTING PAGE: POST /pointToJ1 with {} and HTTP headers {"HTTP_REFERER"=>"/start"}
D, [2017-10-25T09:03:58.696615 #13288] DEBUG -- : REQUESTING PAGE: POST /pointToJ1 with {} and HTTP headers {"HTTP_REFERER"=>"/pointToJ1"}
D, [2017-10-25T09:03:58.712239 #13288] DEBUG -- : REQUESTING PAGE: GET / with {} and HTTP headers {}
D, [2017-10-25T09:03:58.727865 #13288] DEBUG -- : REQUESTING PAGE: POST /start with {} and HTTP headers {"HTTP_REFERER"=>"/"}
D, [2017-10-25T09:03:58.743491 #13288] DEBUG -- : REQUESTING PAGE: POST /pointToJ1 with {} and HTTP headers {"HTTP_REFERER"=>"/start"}
D, [2017-10-25T09:03:58.759115 #13288] DEBUG -- : REQUESTING PAGE: POST /pointToJ1 with {} and HTTP headers {"HTTP_REFERER"=>"/pointToJ1"}
D, [2017-10-25T09:03:58.779747 #13288] DEBUG -- : REQUESTING PAGE: POST /pointToJ1 with {} and HTTP headers {"HTTP_REFERER"=>"/pointToJ1"}
D, [2017-10-25T09:03:58.781751 #13288] DEBUG -- : REQUESTING PAGE: POST /pointToJ1 with {} and HTTP headers {"HTTP_REFERER"=>"/pointToJ1"}
D, [2017-10-25T09:03:58.813003 #13288] DEBUG -- : REQUESTING PAGE: GET / with {} and HTTP headers {}
D, [2017-10-25T09:03:58.828626 #13288] DEBUG -- : REQUESTING PAGE: POST /start with {} and HTTP headers {"HTTP_REFERER"=>"/"}
D, [2017-10-25T09:03:58.828626 #13288] DEBUG -- : REQUESTING PAGE: POST /pointToJ2 with {} and HTTP headers {"HTTP_REFERER"=>"/start"}
D, [2017-10-25T09:03:58.875504 #13288] DEBUG -- : REQUESTING PAGE: POST /pointToJ2 with {} and HTTP headers {"HTTP_REFERER"=>"/pointToJ2"}
D, [2017-10-25T09:03:58.881512 #13288] DEBUG -- : REQUESTING PAGE: POST /pointToJ2 with {} and HTTP headers {"HTTP_REFERER"=>"/pointToJ2"}
D, [2017-10-25T09:03:58.897159 #13288] DEBUG -- : REQUESTING PAGE: POST /pointToJ2 with {} and HTTP headers {"HTTP_REFERER"=>"/pointToJ2"}
D, [2017-10-25T09:03:58.912785 #13288] DEBUG -- : REQUESTING PAGE: GET / with {} and HTTP headers {}
D, [2017-10-25T09:03:58.944035 #13288] DEBUG -- : REQUESTING PAGE: POST /start with {} and HTTP headers {"HTTP_REFERER"=>"/"}
D, [2017-10-25T09:03:58.959659 #13288] DEBUG -- : REQUESTING PAGE: POST /pointToJ1 with {} and HTTP headers {"HTTP_REFERER"=>"/start"}
D, [2017-10-25T09:03:58.977790 #13288] DEBUG -- : REQUESTING PAGE: POST /pointToJ1 with {} and HTTP headers {"HTTP_REFERER"=>"/pointToJ1"}
D, [2017-10-25T09:03:58.981795 #13288] DEBUG -- : REQUESTING PAGE: POST /pointToJ1 with {} and HTTP headers {"HTTP_REFERER"=>"/pointToJ1"}
D, [2017-10-25T09:03:58.997455 #13288] DEBUG -- : REQUESTING PAGE: POST /pointToJ2 with {} and HTTP headers {"HTTP_REFERER"=>"/pointToJ1"}
D, [2017-10-25T09:03:59.013081 #13288] DEBUG -- : REQUESTING PAGE: POST /pointToJ2 with {} and HTTP headers {"HTTP_REFERER"=>"/pointToJ2"}
D, [2017-10-25T09:03:59.028706 #13288] DEBUG -- : REQUESTING PAGE: POST /pointToJ2 with {} and HTTP headers {"HTTP_REFERER"=>"/pointToJ2"}
D, [2017-10-25T09:03:59.044331 #13288] DEBUG -- : REQUESTING PAGE: POST /pointToJ1 with {} and HTTP headers {"HTTP_REFERER"=>"/pointToJ2"}
D, [2017-10-25T09:03:59.059955 #13288] DEBUG -- : REQUESTING PAGE: GET / with {} and HTTP headers {}
D, [2017-10-25T09:03:59.082089 #13288] DEBUG -- : REQUESTING PAGE: POST /start with {} and HTTP headers {"HTTP_REFERER"=>"/"}
D, [2017-10-25T09:03:59.097727 #13288] DEBUG -- : REQUESTING PAGE: POST /pointToJ2 with {} and HTTP headers {"HTTP_REFERER"=>"/start"}
D, [2017-10-25T09:03:59.113353 #13288] DEBUG -- : REQUESTING PAGE: POST /pointToJ2 with {} and HTTP headers {"HTTP_REFERER"=>"/pointToJ2"}
D, [2017-10-25T09:03:59.128978 #13288] DEBUG -- : REQUESTING PAGE: POST /pointToJ2 with {} and HTTP headers {"HTTP_REFERER"=>"/pointToJ2"}
D, [2017-10-25T09:03:59.144603 #13288] DEBUG -- : REQUESTING PAGE: POST /pointToJ1 with {} and HTTP headers {"HTTP_REFERER"=>"/pointToJ2"}
D, [2017-10-25T09:03:59.144603 #13288] DEBUG -- : REQUESTING PAGE: POST /pointToJ1 with {} and HTTP headers {"HTTP_REFERER"=>"/pointToJ1"}
D, [2017-10-25T09:03:59.160228 #13288] DEBUG -- : REQUESTING PAGE: POST /pointToJ1 with {} and HTTP headers {"HTTP_REFERER"=>"/pointToJ1"}
D, [2017-10-25T09:03:59.182362 #13288] DEBUG -- : REQUESTING PAGE: POST /pointToJ2 with {} and HTTP headers {"HTTP_REFERER"=>"/pointToJ1"}
D, [2017-10-25T09:03:59.197998 #13288] DEBUG -- : REQUESTING PAGE: GET / with {} and HTTP headers {}
D, [2017-10-25T09:03:59.213624 #13288] DEBUG -- : REQUESTING PAGE: POST /start with {} and HTTP headers {"HTTP_REFERER"=>"/"}
D, [2017-10-25T09:03:59.229249 #13288] DEBUG -- : REQUESTING PAGE: POST /pointToJ2 with {} and HTTP headers {"HTTP_REFERER"=>"/start"}
D, [2017-10-25T09:03:59.244875 #13288] DEBUG -- : REQUESTING PAGE: POST /pointToJ2 with {} and HTTP headers {"HTTP_REFERER"=>"/pointToJ2"}
D, [2017-10-25T09:03:59.260498 #13288] DEBUG -- : REQUESTING PAGE: POST /pointToJ2 with {} and HTTP headers {"HTTP_REFERER"=>"/pointToJ2"}
D, [2017-10-25T09:03:59.260498 #13288] DEBUG -- : REQUESTING PAGE: POST /pointToJ1 with {} and HTTP headers {"HTTP_REFERER"=>"/pointToJ2"}
D, [2017-10-25T09:03:59.282634 #13288] DEBUG -- : REQUESTING PAGE: POST /pointToJ1 with {} and HTTP headers {"HTTP_REFERER"=>"/pointToJ1"}
D, [2017-10-25T09:03:59.298283 #13288] DEBUG -- : REQUESTING PAGE: POST /pointToJ1 with {} and HTTP headers {"HTTP_REFERER"=>"/pointToJ1"}
D, [2017-10-25T09:03:59.313909 #13288] DEBUG -- : REQUESTING PAGE: GET / with {} and HTTP headers {}
D, [2017-10-25T09:03:59.329534 #13288] DEBUG -- : REQUESTING PAGE: POST /start with {} and HTTP headers {"HTTP_REFERER"=>"/"}
D, [2017-10-25T09:03:59.345158 #13288] DEBUG -- : REQUESTING PAGE: POST /pointToJ1 with {} and HTTP headers {"HTTP_REFERER"=>"/start"}
D, [2017-10-25T09:03:59.360783 #13288] DEBUG -- : REQUESTING PAGE: POST /pointToJ1 with {} and HTTP headers {"HTTP_REFERER"=>"/pointToJ1"}
D, [2017-10-25T09:03:59.383419 #13288] DEBUG -- : REQUESTING PAGE: GET / with {} and HTTP headers {"HTTP_REFERER"=>"/pointToJ1"}
D, [2017-10-25T09:03:59.383419 #13288] DEBUG -- : REQUESTING PAGE: POST /start with {} and HTTP headers {"HTTP_REFERER"=>"/"}
D, [2017-10-25T09:06:04.657971 #1952] DEBUG -- : REQUESTING PAGE: GET / with {} and HTTP headers {}
D, [2017-10-25T09:06:04.809137 #1952] DEBUG -- : REQUESTING PAGE: GET / with {} and HTTP headers {}
D, [2017-10-25T09:06:04.824762 #1952] DEBUG -- : REQUESTING PAGE: POST /start with {} and HTTP headers {"HTTP_REFERER"=>"/"}
D, [2017-10-25T09:06:04.861021 #1952] DEBUG -- : REQUESTING PAGE: GET / with {} and HTTP headers {}
D, [2017-10-25T09:06:04.862522 #1952] DEBUG -- : REQUESTING PAGE: POST /start with {} and HTTP headers {"HTTP_REFERER"=>"/"}
D, [2017-10-25T09:06:04.878386 #1952] DEBUG -- : REQUESTING PAGE: POST /pointToJ1 with {} and HTTP headers {"HTTP_REFERER"=>"/start"}
D, [2017-10-25T09:06:04.894038 #1952] DEBUG -- : REQUESTING PAGE: GET / with {} and HTTP headers {}
D, [2017-10-25T09:06:04.925259 #1952] DEBUG -- : REQUESTING PAGE: POST /start with {} and HTTP headers {"HTTP_REFERER"=>"/"}
D, [2017-10-25T09:06:04.925259 #1952] DEBUG -- : REQUESTING PAGE: POST /pointToJ2 with {} and HTTP headers {"HTTP_REFERER"=>"/start"}
D, [2017-10-25T09:06:04.959016 #1952] DEBUG -- : REQUESTING PAGE: GET / with {} and HTTP headers {}
D, [2017-10-25T09:06:04.962518 #1952] DEBUG -- : REQUESTING PAGE: POST /start with {} and HTTP headers {"HTTP_REFERER"=>"/"}
D, [2017-10-25T09:06:04.978182 #1952] DEBUG -- : REQUESTING PAGE: POST /pointToJ2 with {} and HTTP headers {"HTTP_REFERER"=>"/start"}
D, [2017-10-25T09:06:04.993806 #1952] DEBUG -- : REQUESTING PAGE: POST /pointToJ1 with {} and HTTP headers {"HTTP_REFERER"=>"/pointToJ2"}
D, [2017-10-25T09:06:05.025057 #1952] DEBUG -- : REQUESTING PAGE: GET / with {} and HTTP headers {}
D, [2017-10-25T09:06:05.040681 #1952] DEBUG -- : REQUESTING PAGE: POST /start with {} and HTTP headers {"HTTP_REFERER"=>"/"}
D, [2017-10-25T09:06:05.062076 #1952] DEBUG -- : REQUESTING PAGE: POST /pointToJ2 with {} and HTTP headers {"HTTP_REFERER"=>"/start"}
D, [2017-10-25T09:06:05.063076 #1952] DEBUG -- : REQUESTING PAGE: POST /pointToJ2 with {} and HTTP headers {"HTTP_REFERER"=>"/pointToJ2"}
D, [2017-10-25T09:06:05.078703 #1952] DEBUG -- : REQUESTING PAGE: GET / with {} and HTTP headers {}
D, [2017-10-25T09:06:05.094329 #1952] DEBUG -- : REQUESTING PAGE: POST /start with {} and HTTP headers {"HTTP_REFERER"=>"/"}
D, [2017-10-25T09:06:05.109956 #1952] DEBUG -- : REQUESTING PAGE: POST /pointToJ1 with {} and HTTP headers {"HTTP_REFERER"=>"/start"}
D, [2017-10-25T09:06:05.125578 #1952] DEBUG -- : REQUESTING PAGE: POST /pointToJ1 with {} and HTTP headers {"HTTP_REFERER"=>"/pointToJ1"}
D, [2017-10-25T09:06:05.141203 #1952] DEBUG -- : REQUESTING PAGE: GET / with {} and HTTP headers {}
D, [2017-10-25T09:06:05.178479 #1952] DEBUG -- : REQUESTING PAGE: POST /start with {} and HTTP headers {"HTTP_REFERER"=>"/"}
D, [2017-10-25T09:06:05.178479 #1952] DEBUG -- : REQUESTING PAGE: POST /pointToJ1 with {} and HTTP headers {"HTTP_REFERER"=>"/start"}
D, [2017-10-25T09:06:05.194103 #1952] DEBUG -- : REQUESTING PAGE: POST /pointToJ1 with {} and HTTP headers {"HTTP_REFERER"=>"/pointToJ1"}
D, [2017-10-25T09:06:05.209729 #1952] DEBUG -- : REQUESTING PAGE: POST /pointToJ1 with {} and HTTP headers {"HTTP_REFERER"=>"/pointToJ1"}
D, [2017-10-25T09:06:05.225354 #1952] DEBUG -- : REQUESTING PAGE: POST /pointToJ1 with {} and HTTP headers {"HTTP_REFERER"=>"/pointToJ1"}
D, [2017-10-25T09:06:05.240979 #1952] DEBUG -- : REQUESTING PAGE: GET / with {} and HTTP headers {}
D, [2017-10-25T09:06:05.262802 #1952] DEBUG -- : REQUESTING PAGE: POST /start with {} and HTTP headers {"HTTP_REFERER"=>"/"}
D, [2017-10-25T09:06:05.278449 #1952] DEBUG -- : REQUESTING PAGE: POST /pointToJ2 with {} and HTTP headers {"HTTP_REFERER"=>"/start"}
D, [2017-10-25T09:06:05.294075 #1952] DEBUG -- : REQUESTING PAGE: POST /pointToJ2 with {} and HTTP headers {"HTTP_REFERER"=>"/pointToJ2"}
D, [2017-10-25T09:06:05.309699 #1952] DEBUG -- : REQUESTING PAGE: POST /pointToJ2 with {} and HTTP headers {"HTTP_REFERER"=>"/pointToJ2"}
D, [2017-10-25T09:06:05.309699 #1952] DEBUG -- : REQUESTING PAGE: POST /pointToJ2 with {} and HTTP headers {"HTTP_REFERER"=>"/pointToJ2"}
D, [2017-10-25T09:06:05.340951 #1952] DEBUG -- : REQUESTING PAGE: GET / with {} and HTTP headers {}
D, [2017-10-25T09:06:05.363084 #1952] DEBUG -- : REQUESTING PAGE: POST /start with {} and HTTP headers {"HTTP_REFERER"=>"/"}
D, [2017-10-25T09:06:05.378725 #1952] DEBUG -- : REQUESTING PAGE: POST /pointToJ1 with {} and HTTP headers {"HTTP_REFERER"=>"/start"}
D, [2017-10-25T09:06:05.394354 #1952] DEBUG -- : REQUESTING PAGE: POST /pointToJ1 with {} and HTTP headers {"HTTP_REFERER"=>"/pointToJ1"}
D, [2017-10-25T09:06:05.409976 #1952] DEBUG -- : REQUESTING PAGE: POST /pointToJ1 with {} and HTTP headers {"HTTP_REFERER"=>"/pointToJ1"}
D, [2017-10-25T09:06:05.425600 #1952] DEBUG -- : REQUESTING PAGE: POST /pointToJ2 with {} and HTTP headers {"HTTP_REFERER"=>"/pointToJ1"}
D, [2017-10-25T09:06:05.441243 #1952] DEBUG -- : REQUESTING PAGE: POST /pointToJ2 with {} and HTTP headers {"HTTP_REFERER"=>"/pointToJ2"}
D, [2017-10-25T09:06:05.463358 #1952] DEBUG -- : REQUESTING PAGE: POST /pointToJ2 with {} and HTTP headers {"HTTP_REFERER"=>"/pointToJ2"}
D, [2017-10-25T09:06:05.479011 #1952] DEBUG -- : REQUESTING PAGE: POST /pointToJ1 with {} and HTTP headers {"HTTP_REFERER"=>"/pointToJ2"}
D, [2017-10-25T09:06:05.494618 #1952] DEBUG -- : REQUESTING PAGE: GET / with {} and HTTP headers {}
D, [2017-10-25T09:06:05.510242 #1952] DEBUG -- : REQUESTING PAGE: POST /start with {} and HTTP headers {"HTTP_REFERER"=>"/"}
D, [2017-10-25T09:06:05.525869 #1952] DEBUG -- : REQUESTING PAGE: POST /pointToJ2 with {} and HTTP headers {"HTTP_REFERER"=>"/start"}
D, [2017-10-25T09:06:05.541493 #1952] DEBUG -- : REQUESTING PAGE: POST /pointToJ2 with {} and HTTP headers {"HTTP_REFERER"=>"/pointToJ2"}
D, [2017-10-25T09:06:05.559040 #1952] DEBUG -- : REQUESTING PAGE: POST /pointToJ2 with {} and HTTP headers {"HTTP_REFERER"=>"/pointToJ2"}
D, [2017-10-25T09:06:05.563165 #1952] DEBUG -- : REQUESTING PAGE: POST /pointToJ1 with {} and HTTP headers {"HTTP_REFERER"=>"/pointToJ2"}
D, [2017-10-25T09:06:05.578809 #1952] DEBUG -- : REQUESTING PAGE: POST /pointToJ1 with {} and HTTP headers {"HTTP_REFERER"=>"/pointToJ1"}
D, [2017-10-25T09:06:05.594435 #1952] DEBUG -- : REQUESTING PAGE: POST /pointToJ1 with {} and HTTP headers {"HTTP_REFERER"=>"/pointToJ1"}
D, [2017-10-25T09:06:05.610060 #1952] DEBUG -- : REQUESTING PAGE: POST /pointToJ2 with {} and HTTP headers {"HTTP_REFERER"=>"/pointToJ1"}
D, [2017-10-25T09:06:05.641311 #1952] DEBUG -- : REQUESTING PAGE: GET / with {} and HTTP headers {}
D, [2017-10-25T09:06:05.658441 #1952] DEBUG -- : REQUESTING PAGE: POST /start with {} and HTTP headers {"HTTP_REFERER"=>"/"}
D, [2017-10-25T09:06:05.663444 #1952] DEBUG -- : REQUESTING PAGE: POST /pointToJ2 with {} and HTTP headers {"HTTP_REFERER"=>"/start"}
D, [2017-10-25T09:06:05.679096 #1952] DEBUG -- : REQUESTING PAGE: POST /pointToJ2 with {} and HTTP headers {"HTTP_REFERER"=>"/pointToJ2"}
D, [2017-10-25T09:06:05.679096 #1952] DEBUG -- : REQUESTING PAGE: POST /pointToJ2 with {} and HTTP headers {"HTTP_REFERER"=>"/pointToJ2"}
D, [2017-10-25T09:06:05.694722 #1952] DEBUG -- : REQUESTING PAGE: POST /pointToJ1 with {} and HTTP headers {"HTTP_REFERER"=>"/pointToJ2"}
D, [2017-10-25T09:06:05.710369 #1952] DEBUG -- : REQUESTING PAGE: POST /pointToJ1 with {} and HTTP headers {"HTTP_REFERER"=>"/pointToJ1"}
D, [2017-10-25T09:06:05.725972 #1952] DEBUG -- : REQUESTING PAGE: POST /pointToJ1 with {} and HTTP headers {"HTTP_REFERER"=>"/pointToJ1"}
D, [2017-10-25T09:06:05.741597 #1952] DEBUG -- : REQUESTING PAGE: GET / with {} and HTTP headers {}
D, [2017-10-25T09:06:05.763457 #1952] DEBUG -- : REQUESTING PAGE: POST /start with {} and HTTP headers {"HTTP_REFERER"=>"/"}
D, [2017-10-25T09:06:05.779136 #1952] DEBUG -- : REQUESTING PAGE: POST /pointToJ1 with {} and HTTP headers {"HTTP_REFERER"=>"/start"}
D, [2017-10-25T09:06:05.794760 #1952] DEBUG -- : REQUESTING PAGE: POST /pointToJ1 with {} and HTTP headers {"HTTP_REFERER"=>"/pointToJ1"}
D, [2017-10-25T09:06:05.810385 #1952] DEBUG -- : REQUESTING PAGE: GET / with {} and HTTP headers {"HTTP_REFERER"=>"/pointToJ1"}
D, [2017-10-25T09:06:05.826011 #1952] DEBUG -- : REQUESTING PAGE: POST /start with {} and HTTP headers {"HTTP_REFERER"=>"/"}
D, [2017-10-25T09:07:03.890821 #8160] DEBUG -- : REQUESTING PAGE: GET / with {} and HTTP headers {}
D, [2017-10-25T09:07:04.038917 #8160] DEBUG -- : REQUESTING PAGE: GET / with {} and HTTP headers {}
D, [2017-10-25T09:07:04.054541 #8160] DEBUG -- : REQUESTING PAGE: POST /start with {} and HTTP headers {"HTTP_REFERER"=>"/"}
D, [2017-10-25T09:07:04.092036 #8160] DEBUG -- : REQUESTING PAGE: GET / with {} and HTTP headers {}
D, [2017-10-25T09:07:04.107680 #8160] DEBUG -- : REQUESTING PAGE: POST /start with {} and HTTP headers {"HTTP_REFERER"=>"/"}
D, [2017-10-25T09:07:04.107680 #8160] DEBUG -- : REQUESTING PAGE: POST /pointToJ1 with {} and HTTP headers {"HTTP_REFERER"=>"/start"}
D, [2017-10-25T09:07:04.123305 #8160] DEBUG -- : REQUESTING PAGE: GET / with {} and HTTP headers {}
D, [2017-10-25T09:07:04.154554 #8160] DEBUG -- : REQUESTING PAGE: POST /start with {} and HTTP headers {"HTTP_REFERER"=>"/"}
D, [2017-10-25T09:07:04.154554 #8160] DEBUG -- : REQUESTING PAGE: POST /pointToJ2 with {} and HTTP headers {"HTTP_REFERER"=>"/start"}
D, [2017-10-25T09:07:04.192814 #8160] DEBUG -- : REQUESTING PAGE: GET / with {} and HTTP headers {}
D, [2017-10-25T09:07:04.192814 #8160] DEBUG -- : REQUESTING PAGE: POST /start with {} and HTTP headers {"HTTP_REFERER"=>"/"}
D, [2017-10-25T09:07:04.208441 #8160] DEBUG -- : REQUESTING PAGE: POST /pointToJ2 with {} and HTTP headers {"HTTP_REFERER"=>"/start"}
D, [2017-10-25T09:07:04.224066 #8160] DEBUG -- : REQUESTING PAGE: POST /pointToJ1 with {} and HTTP headers {"HTTP_REFERER"=>"/pointToJ2"}
D, [2017-10-25T09:07:04.239691 #8160] DEBUG -- : REQUESTING PAGE: GET / with {} and HTTP headers {}
D, [2017-10-25T09:07:04.255317 #8160] DEBUG -- : REQUESTING PAGE: POST /start with {} and HTTP headers {"HTTP_REFERER"=>"/"}
D, [2017-10-25T09:07:04.270942 #8160] DEBUG -- : REQUESTING PAGE: POST /pointToJ2 with {} and HTTP headers {"HTTP_REFERER"=>"/start"}
D, [2017-10-25T09:07:04.287570 #8160] DEBUG -- : REQUESTING PAGE: POST /pointToJ2 with {} and HTTP headers {"HTTP_REFERER"=>"/pointToJ2"}
D, [2017-10-25T09:07:04.292584 #8160] DEBUG -- : REQUESTING PAGE: GET / with {} and HTTP headers {}
D, [2017-10-25T09:07:04.323870 #8160] DEBUG -- : REQUESTING PAGE: POST /start with {} and HTTP headers {"HTTP_REFERER"=>"/"}
D, [2017-10-25T09:07:04.339497 #8160] DEBUG -- : REQUESTING PAGE: POST /pointToJ1 with {} and HTTP headers {"HTTP_REFERER"=>"/start"}
D, [2017-10-25T09:07:04.339497 #8160] DEBUG -- : REQUESTING PAGE: POST /pointToJ1 with {} and HTTP headers {"HTTP_REFERER"=>"/pointToJ1"}
D, [2017-10-25T09:07:04.355120 #8160] DEBUG -- : REQUESTING PAGE: GET / with {} and HTTP headers {}
D, [2017-10-25T09:07:04.392746 #8160] DEBUG -- : REQUESTING PAGE: POST /start with {} and HTTP headers {"HTTP_REFERER"=>"/"}
D, [2017-10-25T09:07:04.392746 #8160] DEBUG -- : REQUESTING PAGE: POST /pointToJ1 with {} and HTTP headers {"HTTP_REFERER"=>"/start"}
D, [2017-10-25T09:07:04.408398 #8160] DEBUG -- : REQUESTING PAGE: POST /pointToJ1 with {} and HTTP headers {"HTTP_REFERER"=>"/pointToJ1"}
D, [2017-10-25T09:07:04.424024 #8160] DEBUG -- : REQUESTING PAGE: POST /pointToJ1 with {} and HTTP headers {"HTTP_REFERER"=>"/pointToJ1"}
D, [2017-10-25T09:07:04.439649 #8160] DEBUG -- : REQUESTING PAGE: POST /pointToJ1 with {} and HTTP headers {"HTTP_REFERER"=>"/pointToJ1"}
D, [2017-10-25T09:07:04.470899 #8160] DEBUG -- : REQUESTING PAGE: GET / with {} and HTTP headers {}
D, [2017-10-25T09:07:04.493031 #8160] DEBUG -- : REQUESTING PAGE: POST /start with {} and HTTP headers {"HTTP_REFERER"=>"/"}
D, [2017-10-25T09:07:04.493031 #8160] DEBUG -- : REQUESTING PAGE: POST /pointToJ2 with {} and HTTP headers {"HTTP_REFERER"=>"/start"}
D, [2017-10-25T09:07:04.508680 #8160] DEBUG -- : REQUESTING PAGE: POST /pointToJ2 with {} and HTTP headers {"HTTP_REFERER"=>"/pointToJ2"}
D, [2017-10-25T09:07:04.524309 #8160] DEBUG -- : REQUESTING PAGE: POST /pointToJ2 with {} and HTTP headers {"HTTP_REFERER"=>"/pointToJ2"}
D, [2017-10-25T09:07:04.539930 #8160] DEBUG -- : REQUESTING PAGE: POST /pointToJ2 with {} and HTTP headers {"HTTP_REFERER"=>"/pointToJ2"}
D, [2017-10-25T09:07:04.555555 #8160] DEBUG -- : REQUESTING PAGE: GET / with {} and HTTP headers {}
D, [2017-10-25T09:07:04.571179 #8160] DEBUG -- : REQUESTING PAGE: POST /start with {} and HTTP headers {"HTTP_REFERER"=>"/"}
D, [2017-10-25T09:07:04.592843 #8160] DEBUG -- : REQUESTING PAGE: POST /pointToJ1 with {} and HTTP headers {"HTTP_REFERER"=>"/start"}
D, [2017-10-25T09:07:04.608476 #8160] DEBUG -- : REQUESTING PAGE: POST /pointToJ1 with {} and HTTP headers {"HTTP_REFERER"=>"/pointToJ1"}
D, [2017-10-25T09:07:04.608476 #8160] DEBUG -- : REQUESTING PAGE: POST /pointToJ1 with {} and HTTP headers {"HTTP_REFERER"=>"/pointToJ1"}
D, [2017-10-25T09:07:04.624102 #8160] DEBUG -- : REQUESTING PAGE: POST /pointToJ2 with {} and HTTP headers {"HTTP_REFERER"=>"/pointToJ1"}
D, [2017-10-25T09:07:04.639728 #8160] DEBUG -- : REQUESTING PAGE: POST /pointToJ2 with {} and HTTP headers {"HTTP_REFERER"=>"/pointToJ2"}
D, [2017-10-25T09:07:04.655352 #8160] DEBUG -- : REQUESTING PAGE: POST /pointToJ2 with {} and HTTP headers {"HTTP_REFERER"=>"/pointToJ2"}
D, [2017-10-25T09:07:04.670977 #8160] DEBUG -- : REQUESTING PAGE: POST /pointToJ1 with {} and HTTP headers {"HTTP_REFERER"=>"/pointToJ2"}
D, [2017-10-25T09:07:04.693109 #8160] DEBUG -- : REQUESTING PAGE: GET / with {} and HTTP headers {}
D, [2017-10-25T09:07:04.708754 #8160] DEBUG -- : REQUESTING PAGE: POST /start with {} and HTTP headers {"HTTP_REFERER"=>"/"}
D, [2017-10-25T09:07:04.724378 #8160] DEBUG -- : REQUESTING PAGE: POST /pointToJ2 with {} and HTTP headers {"HTTP_REFERER"=>"/start"}
D, [2017-10-25T09:07:04.724378 #8160] DEBUG -- : REQUESTING PAGE: POST /pointToJ2 with {} and HTTP headers {"HTTP_REFERER"=>"/pointToJ2"}
D, [2017-10-25T09:07:04.740022 #8160] DEBUG -- : REQUESTING PAGE: POST /pointToJ2 with {} and HTTP headers {"HTTP_REFERER"=>"/pointToJ2"}
D, [2017-10-25T09:07:04.755630 #8160] DEBUG -- : REQUESTING PAGE: POST /pointToJ1 with {} and HTTP headers {"HTTP_REFERER"=>"/pointToJ2"}
D, [2017-10-25T09:07:04.771256 #8160] DEBUG -- : REQUESTING PAGE: POST /pointToJ1 with {} and HTTP headers {"HTTP_REFERER"=>"/pointToJ1"}
D, [2017-10-25T09:07:04.790385 #8160] DEBUG -- : REQUESTING PAGE: POST /pointToJ1 with {} and HTTP headers {"HTTP_REFERER"=>"/pointToJ1"}
D, [2017-10-25T09:07:04.793387 #8160] DEBUG -- : REQUESTING PAGE: POST /pointToJ2 with {} and HTTP headers {"HTTP_REFERER"=>"/pointToJ1"}
D, [2017-10-25T09:07:04.824904 #8160] DEBUG -- : REQUESTING PAGE: GET / with {} and HTTP headers {}
D, [2017-10-25T09:07:04.840536 #8160] DEBUG -- : REQUESTING PAGE: POST /start with {} and HTTP headers {"HTTP_REFERER"=>"/"}
D, [2017-10-25T09:07:04.840536 #8160] DEBUG -- : REQUESTING PAGE: POST /pointToJ2 with {} and HTTP headers {"HTTP_REFERER"=>"/start"}
D, [2017-10-25T09:07:04.856155 #8160] DEBUG -- : REQUESTING PAGE: POST /pointToJ2 with {} and HTTP headers {"HTTP_REFERER"=>"/pointToJ2"}
D, [2017-10-25T09:07:04.871781 #8160] DEBUG -- : REQUESTING PAGE: POST /pointToJ2 with {} and HTTP headers {"HTTP_REFERER"=>"/pointToJ2"}
D, [2017-10-25T09:07:04.871781 #8160] DEBUG -- : REQUESTING PAGE: POST /pointToJ1 with {} and HTTP headers {"HTTP_REFERER"=>"/pointToJ2"}
D, [2017-10-25T09:07:04.893287 #8160] DEBUG -- : REQUESTING PAGE: POST /pointToJ1 with {} and HTTP headers {"HTTP_REFERER"=>"/pointToJ1"}
D, [2017-10-25T09:07:04.893287 #8160] DEBUG -- : REQUESTING PAGE: POST /pointToJ1 with {} and HTTP headers {"HTTP_REFERER"=>"/pointToJ1"}
D, [2017-10-25T09:07:04.908922 #8160] DEBUG -- : REQUESTING PAGE: GET / with {} and HTTP headers {}
D, [2017-10-25T09:07:04.924549 #8160] DEBUG -- : REQUESTING PAGE: POST /start with {} and HTTP headers {"HTTP_REFERER"=>"/"}
D, [2017-10-25T09:07:04.940174 #8160] DEBUG -- : REQUESTING PAGE: POST /pointToJ1 with {} and HTTP headers {"HTTP_REFERER"=>"/start"}
D, [2017-10-25T09:07:04.955801 #8160] DEBUG -- : REQUESTING PAGE: POST /pointToJ1 with {} and HTTP headers {"HTTP_REFERER"=>"/pointToJ1"}
D, [2017-10-25T09:07:04.971426 #8160] DEBUG -- : REQUESTING PAGE: GET / with {} and HTTP headers {"HTTP_REFERER"=>"/pointToJ1"}
D, [2017-10-25T09:07:04.988058 #8160] DEBUG -- : REQUESTING PAGE: POST /start with {} and HTTP headers {"HTTP_REFERER"=>"/"}
D, [2017-10-25T09:09:49.881107 #4664] DEBUG -- : REQUESTING PAGE: GET / with {} and HTTP headers {}
D, [2017-10-25T09:09:50.043078 #4664] DEBUG -- : REQUESTING PAGE: GET / with {} and HTTP headers {}
D, [2017-10-25T09:09:50.058703 #4664] DEBUG -- : REQUESTING PAGE: POST /start with {} and HTTP headers {"HTTP_REFERER"=>"/"}
D, [2017-10-25T09:09:50.080837 #4664] DEBUG -- : REQUESTING PAGE: GET / with {} and HTTP headers {}
D, [2017-10-25T09:09:50.096484 #4664] DEBUG -- : REQUESTING PAGE: POST /start with {} and HTTP headers {"HTTP_REFERER"=>"/"}
D, [2017-10-25T09:09:50.112111 #4664] DEBUG -- : REQUESTING PAGE: POST /pointToJ1 with {} and HTTP headers {"HTTP_REFERER"=>"/start"}
D, [2017-10-25T09:09:50.127735 #4664] DEBUG -- : REQUESTING PAGE: GET / with {} and HTTP headers {}
D, [2017-10-25T09:09:50.143361 #4664] DEBUG -- : REQUESTING PAGE: POST /start with {} and HTTP headers {"HTTP_REFERER"=>"/"}
D, [2017-10-25T09:09:50.158990 #4664] DEBUG -- : REQUESTING PAGE: POST /pointToJ2 with {} and HTTP headers {"HTTP_REFERER"=>"/start"}
D, [2017-10-25T09:09:50.181120 #4664] DEBUG -- : REQUESTING PAGE: GET / with {} and HTTP headers {}
D, [2017-10-25T09:09:50.197248 #4664] DEBUG -- : REQUESTING PAGE: POST /start with {} and HTTP headers {"HTTP_REFERER"=>"/"}
D, [2017-10-25T09:09:50.212874 #4664] DEBUG -- : REQUESTING PAGE: POST /pointToJ2 with {} and HTTP headers {"HTTP_REFERER"=>"/start"}
D, [2017-10-25T09:09:50.212874 #4664] DEBUG -- : REQUESTING PAGE: POST /pointToJ1 with {} and HTTP headers {"HTTP_REFERER"=>"/pointToJ2"}
D, [2017-10-25T09:09:50.244123 #4664] DEBUG -- : REQUESTING PAGE: GET / with {} and HTTP headers {}
D, [2017-10-25T09:09:50.259749 #4664] DEBUG -- : REQUESTING PAGE: POST /start with {} and HTTP headers {"HTTP_REFERER"=>"/"}
D, [2017-10-25T09:09:50.259749 #4664] DEBUG -- : REQUESTING PAGE: POST /pointToJ2 with {} and HTTP headers {"HTTP_REFERER"=>"/start"}
D, [2017-10-25T09:09:50.281022 #4664] DEBUG -- : REQUESTING PAGE: POST /pointToJ2 with {} and HTTP headers {"HTTP_REFERER"=>"/pointToJ2"}
D, [2017-10-25T09:09:50.312304 #4664] DEBUG -- : REQUESTING PAGE: GET / with {} and HTTP headers {}
D, [2017-10-25T09:09:50.327931 #4664] DEBUG -- : REQUESTING PAGE: POST /start with {} and HTTP headers {"HTTP_REFERER"=>"/"}
D, [2017-10-25T09:09:50.343555 #4664] DEBUG -- : REQUESTING PAGE: POST /pointToJ1 with {} and HTTP headers {"HTTP_REFERER"=>"/start"}
D, [2017-10-25T09:09:50.359180 #4664] DEBUG -- : REQUESTING PAGE: POST /pointToJ1 with {} and HTTP headers {"HTTP_REFERER"=>"/pointToJ1"}
D, [2017-10-25T09:09:50.381314 #4664] DEBUG -- : REQUESTING PAGE: GET / with {} and HTTP headers {}
D, [2017-10-25T09:09:50.396955 #4664] DEBUG -- : REQUESTING PAGE: POST /start with {} and HTTP headers {"HTTP_REFERER"=>"/"}
D, [2017-10-25T09:09:50.412581 #4664] DEBUG -- : REQUESTING PAGE: POST /pointToJ1 with {} and HTTP headers {"HTTP_REFERER"=>"/start"}
D, [2017-10-25T09:09:50.412581 #4664] DEBUG -- : REQUESTING PAGE: POST /pointToJ1 with {} and HTTP headers {"HTTP_REFERER"=>"/pointToJ1"}
D, [2017-10-25T09:09:50.428206 #4664] DEBUG -- : REQUESTING PAGE: POST /pointToJ1 with {} and HTTP headers {"HTTP_REFERER"=>"/pointToJ1"}
D, [2017-10-25T09:09:50.443830 #4664] DEBUG -- : REQUESTING PAGE: POST /pointToJ1 with {} and HTTP headers {"HTTP_REFERER"=>"/pointToJ1"}
D, [2017-10-25T09:09:50.481261 #4664] DEBUG -- : REQUESTING PAGE: GET / with {} and HTTP headers {}
D, [2017-10-25T09:09:50.481261 #4664] DEBUG -- : REQUESTING PAGE: POST /start with {} and HTTP headers {"HTTP_REFERER"=>"/"}
D, [2017-10-25T09:09:50.496909 #4664] DEBUG -- : REQUESTING PAGE: POST /pointToJ2 with {} and HTTP headers {"HTTP_REFERER"=>"/start"}
D, [2017-10-25T09:09:50.512534 #4664] DEBUG -- : REQUESTING PAGE: POST /pointToJ2 with {} and HTTP headers {"HTTP_REFERER"=>"/pointToJ2"}
D, [2017-10-25T09:09:50.528159 #4664] DEBUG -- : REQUESTING PAGE: POST /pointToJ2 with {} and HTTP headers {"HTTP_REFERER"=>"/pointToJ2"}
D, [2017-10-25T09:09:50.543784 #4664] DEBUG -- : REQUESTING PAGE: POST /pointToJ2 with {} and HTTP headers {"HTTP_REFERER"=>"/pointToJ2"}
D, [2017-10-25T09:09:50.576550 #4664] DEBUG -- : REQUESTING PAGE: GET / with {} and HTTP headers {}
D, [2017-10-25T09:09:50.581553 #4664] DEBUG -- : REQUESTING PAGE: POST /start with {} and HTTP headers {"HTTP_REFERER"=>"/"}
D, [2017-10-25T09:09:50.597199 #4664] DEBUG -- : REQUESTING PAGE: POST /pointToJ1 with {} and HTTP headers {"HTTP_REFERER"=>"/start"}
D, [2017-10-25T09:09:50.612824 #4664] DEBUG -- : REQUESTING PAGE: POST /pointToJ1 with {} and HTTP headers {"HTTP_REFERER"=>"/pointToJ1"}
D, [2017-10-25T09:09:50.628450 #4664] DEBUG -- : REQUESTING PAGE: POST /pointToJ1 with {} and HTTP headers {"HTTP_REFERER"=>"/pointToJ1"}
D, [2017-10-25T09:09:50.644076 #4664] DEBUG -- : REQUESTING PAGE: POST /pointToJ2 with {} and HTTP headers {"HTTP_REFERER"=>"/pointToJ1"}
D, [2017-10-25T09:09:50.659700 #4664] DEBUG -- : REQUESTING PAGE: POST /pointToJ2 with {} and HTTP headers {"HTTP_REFERER"=>"/pointToJ2"}
D, [2017-10-25T09:09:50.682047 #4664] DEBUG -- : REQUESTING PAGE: POST /pointToJ2 with {} and HTTP headers {"HTTP_REFERER"=>"/pointToJ2"}
D, [2017-10-25T09:09:50.682047 #4664] DEBUG -- : REQUESTING PAGE: POST /pointToJ1 with {} and HTTP headers {"HTTP_REFERER"=>"/pointToJ2"}
D, [2017-10-25T09:09:50.713299 #4664] DEBUG -- : REQUESTING PAGE: GET / with {} and HTTP headers {}
D, [2017-10-25T09:09:50.728925 #4664] DEBUG -- : REQUESTING PAGE: POST /start with {} and HTTP headers {"HTTP_REFERER"=>"/"}
D, [2017-10-25T09:09:50.744570 #4664] DEBUG -- : REQUESTING PAGE: POST /pointToJ2 with {} and HTTP headers {"HTTP_REFERER"=>"/start"}
D, [2017-10-25T09:09:50.760185 #4664] DEBUG -- : REQUESTING PAGE: POST /pointToJ2 with {} and HTTP headers {"HTTP_REFERER"=>"/pointToJ2"}
D, [2017-10-25T09:09:50.781649 #4664] DEBUG -- : REQUESTING PAGE: POST /pointToJ2 with {} and HTTP headers {"HTTP_REFERER"=>"/pointToJ2"}
D, [2017-10-25T09:09:50.797292 #4664] DEBUG -- : REQUESTING PAGE: POST /pointToJ1 with {} and HTTP headers {"HTTP_REFERER"=>"/pointToJ2"}
D, [2017-10-25T09:09:50.812919 #4664] DEBUG -- : REQUESTING PAGE: POST /pointToJ1 with {} and HTTP headers {"HTTP_REFERER"=>"/pointToJ1"}
D, [2017-10-25T09:09:50.828546 #4664] DEBUG -- : REQUESTING PAGE: POST /pointToJ1 with {} and HTTP headers {"HTTP_REFERER"=>"/pointToJ1"}
D, [2017-10-25T09:09:50.844169 #4664] DEBUG -- : REQUESTING PAGE: POST /pointToJ2 with {} and HTTP headers {"HTTP_REFERER"=>"/pointToJ1"}
D, [2017-10-25T09:09:50.859794 #4664] DEBUG -- : REQUESTING PAGE: GET / with {} and HTTP headers {}
D, [2017-10-25T09:09:50.881927 #4664] DEBUG -- : REQUESTING PAGE: POST /start with {} and HTTP headers {"HTTP_REFERER"=>"/"}
D, [2017-10-25T09:09:50.897807 #4664] DEBUG -- : REQUESTING PAGE: POST /pointToJ2 with {} and HTTP headers {"HTTP_REFERER"=>"/start"}
D, [2017-10-25T09:09:50.913432 #4664] DEBUG -- : REQUESTING PAGE: POST /pointToJ2 with {} and HTTP headers {"HTTP_REFERER"=>"/pointToJ2"}
D, [2017-10-25T09:09:50.929057 #4664] DEBUG -- : REQUESTING PAGE: POST /pointToJ2 with {} and HTTP headers {"HTTP_REFERER"=>"/pointToJ2"}
D, [2017-10-25T09:09:50.929057 #4664] DEBUG -- : REQUESTING PAGE: POST /pointToJ1 with {} and HTTP headers {"HTTP_REFERER"=>"/pointToJ2"}
D, [2017-10-25T09:09:50.944682 #4664] DEBUG -- : REQUESTING PAGE: POST /pointToJ1 with {} and HTTP headers {"HTTP_REFERER"=>"/pointToJ1"}
D, [2017-10-25T09:09:50.960309 #4664] DEBUG -- : REQUESTING PAGE: POST /pointToJ1 with {} and HTTP headers {"HTTP_REFERER"=>"/pointToJ1"}
D, [2017-10-25T09:09:50.981943 #4664] DEBUG -- : REQUESTING PAGE: GET / with {} and HTTP headers {}
D, [2017-10-25T09:09:50.997579 #4664] DEBUG -- : REQUESTING PAGE: POST /start with {} and HTTP headers {"HTTP_REFERER"=>"/"}
D, [2017-10-25T09:09:51.013205 #4664] DEBUG -- : REQUESTING PAGE: POST /pointToJ1 with {} and HTTP headers {"HTTP_REFERER"=>"/start"}
D, [2017-10-25T09:09:51.028830 #4664] DEBUG -- : REQUESTING PAGE: POST /pointToJ1 with {} and HTTP headers {"HTTP_REFERER"=>"/pointToJ1"}
D, [2017-10-25T09:09:51.060079 #4664] DEBUG -- : REQUESTING PAGE: GET / with {} and HTTP headers {"HTTP_REFERER"=>"/pointToJ1"}
D, [2017-10-25T09:09:51.060079 #4664] DEBUG -- : REQUESTING PAGE: POST /start with {} and HTTP headers {"HTTP_REFERER"=>"/"}
D, [2017-10-25T09:23:50.665612 #15112] DEBUG -- : REQUESTING PAGE: GET / with {} and HTTP headers {}
D, [2017-10-25T09:23:50.834372 #15112] DEBUG -- : REQUESTING PAGE: GET / with {} and HTTP headers {}
D, [2017-10-25T09:23:50.850260 #15112] DEBUG -- : REQUESTING PAGE: POST /start with {} and HTTP headers {"HTTP_REFERER"=>"/"}
D, [2017-10-25T09:23:50.865885 #15112] DEBUG -- : REQUESTING PAGE: GET / with {} and HTTP headers {}
D, [2017-10-25T09:23:50.897135 #15112] DEBUG -- : REQUESTING PAGE: POST /start with {} and HTTP headers {"HTTP_REFERER"=>"/"}
D, [2017-10-25T09:23:50.897135 #15112] DEBUG -- : REQUESTING PAGE: POST /pointToJ1 with {} and HTTP headers {"HTTP_REFERER"=>"/start"}
D, [2017-10-25T09:23:50.912760 #15112] DEBUG -- : REQUESTING PAGE: GET / with {} and HTTP headers {}
D, [2017-10-25T09:23:50.934494 #15112] DEBUG -- : REQUESTING PAGE: POST /start with {} and HTTP headers {"HTTP_REFERER"=>"/"}
D, [2017-10-25T09:23:50.950150 #15112] DEBUG -- : REQUESTING PAGE: POST /pointToJ2 with {} and HTTP headers {"HTTP_REFERER"=>"/start"}
D, [2017-10-25T09:23:50.965766 #15112] DEBUG -- : REQUESTING PAGE: GET / with {} and HTTP headers {}
D, [2017-10-25T09:23:50.981392 #15112] DEBUG -- : REQUESTING PAGE: POST /start with {} and HTTP headers {"HTTP_REFERER"=>"/"}
D, [2017-10-25T09:23:50.997017 #15112] DEBUG -- : REQUESTING PAGE: POST /pointToJ2 with {} and HTTP headers {"HTTP_REFERER"=>"/start"}
D, [2017-10-25T09:23:50.997017 #15112] DEBUG -- : REQUESTING PAGE: POST /pointToJ1 with {} and HTTP headers {"HTTP_REFERER"=>"/pointToJ2"}
D, [2017-10-25T09:23:51.034778 #15112] DEBUG -- : REQUESTING PAGE: GET / with {} and HTTP headers {}
D, [2017-10-25T09:23:51.050414 #15112] DEBUG -- : REQUESTING PAGE: POST /start with {} and HTTP headers {"HTTP_REFERER"=>"/"}
D, [2017-10-25T09:23:51.050414 #15112] DEBUG -- : REQUESTING PAGE: POST /pointToJ2 with {} and HTTP headers {"HTTP_REFERER"=>"/start"}
D, [2017-10-25T09:23:51.066040 #15112] DEBUG -- : REQUESTING PAGE: POST /pointToJ2 with {} and HTTP headers {"HTTP_REFERER"=>"/pointToJ2"}
D, [2017-10-25T09:23:51.097292 #15112] DEBUG -- : REQUESTING PAGE: GET / with {} and HTTP headers {}
D, [2017-10-25T09:23:51.097292 #15112] DEBUG -- : REQUESTING PAGE: POST /start with {} and HTTP headers {"HTTP_REFERER"=>"/"}
D, [2017-10-25T09:23:51.134552 #15112] DEBUG -- : REQUESTING PAGE: POST /pointToJ1 with {} and HTTP headers {"HTTP_REFERER"=>"/start"}
D, [2017-10-25T09:23:51.135570 #15112] DEBUG -- : REQUESTING PAGE: POST /pointToJ1 with {} and HTTP headers {"HTTP_REFERER"=>"/pointToJ1"}
D, [2017-10-25T09:23:51.166822 #15112] DEBUG -- : REQUESTING PAGE: GET / with {} and HTTP headers {}
D, [2017-10-25T09:23:51.182448 #15112] DEBUG -- : REQUESTING PAGE: POST /start with {} and HTTP headers {"HTTP_REFERER"=>"/"}
D, [2017-10-25T09:23:51.198081 #15112] DEBUG -- : REQUESTING PAGE: POST /pointToJ1 with {} and HTTP headers {"HTTP_REFERER"=>"/start"}
D, [2017-10-25T09:23:51.213698 #15112] DEBUG -- : REQUESTING PAGE: POST /pointToJ1 with {} and HTTP headers {"HTTP_REFERER"=>"/pointToJ1"}
D, [2017-10-25T09:23:51.235253 #15112] DEBUG -- : REQUESTING PAGE: POST /pointToJ1 with {} and HTTP headers {"HTTP_REFERER"=>"/pointToJ1"}
D, [2017-10-25T09:23:51.251283 #15112] DEBUG -- : REQUESTING PAGE: POST /pointToJ1 with {} and HTTP headers {"HTTP_REFERER"=>"/pointToJ1"}
D, [2017-10-25T09:23:51.266909 #15112] DEBUG -- : REQUESTING PAGE: GET / with {} and HTTP headers {}
D, [2017-10-25T09:23:51.282534 #15112] DEBUG -- : REQUESTING PAGE: POST /start with {} and HTTP headers {"HTTP_REFERER"=>"/"}
D, [2017-10-25T09:23:51.298160 #15112] DEBUG -- : REQUESTING PAGE: POST /pointToJ2 with {} and HTTP headers {"HTTP_REFERER"=>"/start"}
D, [2017-10-25T09:23:51.313789 #15112] DEBUG -- : REQUESTING PAGE: POST /pointToJ2 with {} and HTTP headers {"HTTP_REFERER"=>"/pointToJ2"}
D, [2017-10-25T09:23:51.335462 #15112] DEBUG -- : REQUESTING PAGE: POST /pointToJ2 with {} and HTTP headers {"HTTP_REFERER"=>"/pointToJ2"}
D, [2017-10-25T09:23:51.351098 #15112] DEBUG -- : REQUESTING PAGE: POST /pointToJ2 with {} and HTTP headers {"HTTP_REFERER"=>"/pointToJ2"}
D, [2017-10-25T09:23:51.366722 #15112] DEBUG -- : REQUESTING PAGE: GET / with {} and HTTP headers {}
D, [2017-10-25T09:23:51.382348 #15112] DEBUG -- : REQUESTING PAGE: POST /start with {} and HTTP headers {"HTTP_REFERER"=>"/"}
D, [2017-10-25T09:23:51.397973 #15112] DEBUG -- : REQUESTING PAGE: POST /pointToJ2 with {} and HTTP headers {"HTTP_REFERER"=>"/start"}
D, [2017-10-25T09:23:51.413599 #15112] DEBUG -- : REQUESTING PAGE: POST /pointToJ2 with {} and HTTP headers {"HTTP_REFERER"=>"/pointToJ2"}
D, [2017-10-25T09:23:51.429225 #15112] DEBUG -- : REQUESTING PAGE: POST /pointToJ2 with {} and HTTP headers {"HTTP_REFERER"=>"/pointToJ2"}
D, [2017-10-25T09:23:51.636166 #15112] DEBUG -- : REQUESTING PAGE: GET / with {} and HTTP headers {}
D, [2017-10-25T09:23:51.651802 #15112] DEBUG -- : REQUESTING PAGE: POST /start with {} and HTTP headers {"HTTP_REFERER"=>"/"}
D, [2017-10-25T09:23:51.667427 #15112] DEBUG -- : REQUESTING PAGE: POST /pointToJ1 with {} and HTTP headers {"HTTP_REFERER"=>"/start"}
D, [2017-10-25T09:23:51.683051 #15112] DEBUG -- : REQUESTING PAGE: POST /pointToJ1 with {} and HTTP headers {"HTTP_REFERER"=>"/pointToJ1"}
D, [2017-10-25T09:23:51.698678 #15112] DEBUG -- : REQUESTING PAGE: POST /pointToJ1 with {} and HTTP headers {"HTTP_REFERER"=>"/pointToJ1"}
D, [2017-10-25T09:23:51.714302 #15112] DEBUG -- : REQUESTING PAGE: POST /pointToJ2 with {} and HTTP headers {"HTTP_REFERER"=>"/pointToJ1"}
D, [2017-10-25T09:23:51.729928 #15112] DEBUG -- : REQUESTING PAGE: POST /pointToJ2 with {} and HTTP headers {"HTTP_REFERER"=>"/pointToJ2"}
D, [2017-10-25T09:23:51.736436 #15112] DEBUG -- : REQUESTING PAGE: POST /pointToJ2 with {} and HTTP headers {"HTTP_REFERER"=>"/pointToJ2"}
D, [2017-10-25T09:23:51.752093 #15112] DEBUG -- : REQUESTING PAGE: POST /pointToJ1 with {} and HTTP headers {"HTTP_REFERER"=>"/pointToJ2"}
D, [2017-10-25T09:23:51.767718 #15112] DEBUG -- : REQUESTING PAGE: GET / with {} and HTTP headers {}
D, [2017-10-25T09:23:51.783345 #15112] DEBUG -- : REQUESTING PAGE: POST /start with {} and HTTP headers {"HTTP_REFERER"=>"/"}
D, [2017-10-25T09:23:51.798968 #15112] DEBUG -- : REQUESTING PAGE: POST /pointToJ2 with {} and HTTP headers {"HTTP_REFERER"=>"/start"}
D, [2017-10-25T09:23:51.814593 #15112] DEBUG -- : REQUESTING PAGE: POST /pointToJ2 with {} and HTTP headers {"HTTP_REFERER"=>"/pointToJ2"}
D, [2017-10-25T09:23:51.830724 #15112] DEBUG -- : REQUESTING PAGE: POST /pointToJ2 with {} and HTTP headers {"HTTP_REFERER"=>"/pointToJ2"}
D, [2017-10-25T09:23:51.836727 #15112] DEBUG -- : REQUESTING PAGE: POST /pointToJ1 with {} and HTTP headers {"HTTP_REFERER"=>"/pointToJ2"}
D, [2017-10-25T09:23:51.852369 #15112] DEBUG -- : REQUESTING PAGE: POST /pointToJ1 with {} and HTTP headers {"HTTP_REFERER"=>"/pointToJ1"}
D, [2017-10-25T09:23:51.867995 #15112] DEBUG -- : REQUESTING PAGE: POST /pointToJ1 with {} and HTTP headers {"HTTP_REFERER"=>"/pointToJ1"}
D, [2017-10-25T09:23:51.867995 #15112] DEBUG -- : REQUESTING PAGE: POST /pointToJ2 with {} and HTTP headers {"HTTP_REFERER"=>"/pointToJ1"}
D, [2017-10-25T09:23:51.899246 #15112] DEBUG -- : REQUESTING PAGE: GET / with {} and HTTP headers {}
D, [2017-10-25T09:23:51.914871 #15112] DEBUG -- : REQUESTING PAGE: POST /start with {} and HTTP headers {"HTTP_REFERER"=>"/"}
D, [2017-10-25T09:23:51.936871 #15112] DEBUG -- : REQUESTING PAGE: POST /pointToJ2 with {} and HTTP headers {"HTTP_REFERER"=>"/start"}
D, [2017-10-25T09:23:51.952506 #15112] DEBUG -- : REQUESTING PAGE: POST /pointToJ2 with {} and HTTP headers {"HTTP_REFERER"=>"/pointToJ2"}
D, [2017-10-25T09:23:51.968132 #15112] DEBUG -- : REQUESTING PAGE: POST /pointToJ2 with {} and HTTP headers {"HTTP_REFERER"=>"/pointToJ2"}
D, [2017-10-25T09:23:51.983758 #15112] DEBUG -- : REQUESTING PAGE: POST /pointToJ1 with {} and HTTP headers {"HTTP_REFERER"=>"/pointToJ2"}
D, [2017-10-25T09:23:51.983758 #15112] DEBUG -- : REQUESTING PAGE: POST /pointToJ1 with {} and HTTP headers {"HTTP_REFERER"=>"/pointToJ1"}
D, [2017-10-25T09:23:51.999383 #15112] DEBUG -- : REQUESTING PAGE: POST /pointToJ1 with {} and HTTP headers {"HTTP_REFERER"=>"/pointToJ1"}
D, [2017-10-25T09:23:52.034623 #15112] DEBUG -- : REQUESTING PAGE: GET / with {} and HTTP headers {}
D, [2017-10-25T09:23:52.037105 #15112] DEBUG -- : REQUESTING PAGE: POST /start with {} and HTTP headers {"HTTP_REFERER"=>"/"}
D, [2017-10-25T09:23:52.052778 #15112] DEBUG -- : REQUESTING PAGE: POST /pointToJ1 with {} and HTTP headers {"HTTP_REFERER"=>"/start"}
D, [2017-10-25T09:23:52.068386 #15112] DEBUG -- : REQUESTING PAGE: POST /pointToJ1 with {} and HTTP headers {"HTTP_REFERER"=>"/pointToJ1"}
D, [2017-10-25T09:23:52.084004 #15112] DEBUG -- : REQUESTING PAGE: GET / with {} and HTTP headers {"HTTP_REFERER"=>"/pointToJ1"}
D, [2017-10-25T09:23:52.099629 #15112] DEBUG -- : REQUESTING PAGE: POST /start with {} and HTTP headers {"HTTP_REFERER"=>"/"}
D, [2017-10-25T09:26:00.566080 #12252] DEBUG -- : REQUESTING PAGE: GET / with {} and HTTP headers {}
D, [2017-10-25T09:26:00.712766 #12252] DEBUG -- : REQUESTING PAGE: GET / with {} and HTTP headers {}
D, [2017-10-25T09:26:00.744017 #12252] DEBUG -- : REQUESTING PAGE: POST /start with {} and HTTP headers {"HTTP_REFERER"=>"/"}
D, [2017-10-25T09:26:00.765990 #12252] DEBUG -- : REQUESTING PAGE: GET / with {} and HTTP headers {}
D, [2017-10-25T09:26:00.781638 #12252] DEBUG -- : REQUESTING PAGE: POST /start with {} and HTTP headers {"HTTP_REFERER"=>"/"}
D, [2017-10-25T09:26:00.797263 #12252] DEBUG -- : REQUESTING PAGE: POST /pointToJ1 with {} and HTTP headers {"HTTP_REFERER"=>"/start"}
D, [2017-10-25T09:26:00.812889 #12252] DEBUG -- : REQUESTING PAGE: GET / with {} and HTTP headers {}
D, [2017-10-25T09:26:00.828515 #12252] DEBUG -- : REQUESTING PAGE: POST /start with {} and HTTP headers {"HTTP_REFERER"=>"/"}
D, [2017-10-25T09:26:00.844139 #12252] DEBUG -- : REQUESTING PAGE: POST /pointToJ2 with {} and HTTP headers {"HTTP_REFERER"=>"/start"}
D, [2017-10-25T09:26:00.866192 #12252] DEBUG -- : REQUESTING PAGE: GET / with {} and HTTP headers {}
D, [2017-10-25T09:26:00.881859 #12252] DEBUG -- : REQUESTING PAGE: POST /start with {} and HTTP headers {"HTTP_REFERER"=>"/"}
D, [2017-10-25T09:26:00.897484 #12252] DEBUG -- : REQUESTING PAGE: POST /pointToJ2 with {} and HTTP headers {"HTTP_REFERER"=>"/start"}
D, [2017-10-25T09:26:00.897484 #12252] DEBUG -- : REQUESTING PAGE: POST /pointToJ1 with {} and HTTP headers {"HTTP_REFERER"=>"/pointToJ2"}
D, [2017-10-25T09:26:00.928736 #12252] DEBUG -- : REQUESTING PAGE: GET / with {} and HTTP headers {}
D, [2017-10-25T09:26:00.944360 #12252] DEBUG -- : REQUESTING PAGE: POST /start with {} and HTTP headers {"HTTP_REFERER"=>"/"}
D, [2017-10-25T09:26:00.966161 #12252] DEBUG -- : REQUESTING PAGE: POST /pointToJ2 with {} and HTTP headers {"HTTP_REFERER"=>"/start"}
D, [2017-10-25T09:26:00.966161 #12252] DEBUG -- : REQUESTING PAGE: POST /pointToJ2 with {} and HTTP headers {"HTTP_REFERER"=>"/pointToJ2"}
D, [2017-10-25T09:26:00.982217 #12252] DEBUG -- : REQUESTING PAGE: GET / with {} and HTTP headers {}
D, [2017-10-25T09:26:01.013469 #12252] DEBUG -- : REQUESTING PAGE: POST /start with {} and HTTP headers {"HTTP_REFERER"=>"/"}
D, [2017-10-25T09:26:01.029093 #12252] DEBUG -- : REQUESTING PAGE: POST /pointToJ1 with {} and HTTP headers {"HTTP_REFERER"=>"/start"}
D, [2017-10-25T09:26:01.044720 #12252] DEBUG -- : REQUESTING PAGE: POST /pointToJ1 with {} and HTTP headers {"HTTP_REFERER"=>"/pointToJ1"}
D, [2017-10-25T09:26:01.066351 #12252] DEBUG -- : REQUESTING PAGE: GET / with {} and HTTP headers {}
D, [2017-10-25T09:26:01.081997 #12252] DEBUG -- : REQUESTING PAGE: POST /start with {} and HTTP headers {"HTTP_REFERER"=>"/"}
D, [2017-10-25T09:26:01.097622 #12252] DEBUG -- : REQUESTING PAGE: POST /pointToJ1 with {} and HTTP headers {"HTTP_REFERER"=>"/start"}
D, [2017-10-25T09:26:01.113247 #12252] DEBUG -- : REQUESTING PAGE: POST /pointToJ1 with {} and HTTP headers {"HTTP_REFERER"=>"/pointToJ1"}
D, [2017-10-25T09:26:01.113247 #12252] DEBUG -- : REQUESTING PAGE: POST /pointToJ1 with {} and HTTP headers {"HTTP_REFERER"=>"/pointToJ1"}
D, [2017-10-25T09:26:01.144498 #12252] DEBUG -- : REQUESTING PAGE: POST /pointToJ1 with {} and HTTP headers {"HTTP_REFERER"=>"/pointToJ1"}
D, [2017-10-25T09:26:01.165129 #12252] DEBUG -- : REQUESTING PAGE: GET / with {} and HTTP headers {}
D, [2017-10-25T09:26:01.182478 #12252] DEBUG -- : REQUESTING PAGE: POST /start with {} and HTTP headers {"HTTP_REFERER"=>"/"}
D, [2017-10-25T09:26:01.198103 #12252] DEBUG -- : REQUESTING PAGE: POST /pointToJ2 with {} and HTTP headers {"HTTP_REFERER"=>"/start"}
D, [2017-10-25T09:26:01.213738 #12252] DEBUG -- : REQUESTING PAGE: POST /pointToJ2 with {} and HTTP headers {"HTTP_REFERER"=>"/pointToJ2"}
D, [2017-10-25T09:26:01.229353 #12252] DEBUG -- : REQUESTING PAGE: POST /pointToJ2 with {} and HTTP headers {"HTTP_REFERER"=>"/pointToJ2"}
D, [2017-10-25T09:26:01.244978 #12252] DEBUG -- : REQUESTING PAGE: POST /pointToJ2 with {} and HTTP headers {"HTTP_REFERER"=>"/pointToJ2"}
D, [2017-10-25T09:26:01.266796 #12252] DEBUG -- : REQUESTING PAGE: GET / with {} and HTTP headers {}
D, [2017-10-25T09:26:01.282433 #12252] DEBUG -- : REQUESTING PAGE: POST /start with {} and HTTP headers {"HTTP_REFERER"=>"/"}
D, [2017-10-25T09:26:01.298059 #12252] DEBUG -- : REQUESTING PAGE: POST /pointToJ2 with {} and HTTP headers {"HTTP_REFERER"=>"/start"}
D, [2017-10-25T09:26:01.313689 #12252] DEBUG -- : REQUESTING PAGE: POST /pointToJ2 with {} and HTTP headers {"HTTP_REFERER"=>"/pointToJ2"}
D, [2017-10-25T09:26:01.329307 #12252] DEBUG -- : REQUESTING PAGE: POST /pointToJ2 with {} and HTTP headers {"HTTP_REFERER"=>"/pointToJ2"}
D, [2017-10-25T09:26:01.367085 #12252] DEBUG -- : REQUESTING PAGE: GET / with {} and HTTP headers {}
D, [2017-10-25T09:26:01.382766 #12252] DEBUG -- : REQUESTING PAGE: POST /start with {} and HTTP headers {"HTTP_REFERER"=>"/"}
D, [2017-10-25T09:26:01.382766 #12252] DEBUG -- : REQUESTING PAGE: POST /pointToJ1 with {} and HTTP headers {"HTTP_REFERER"=>"/start"}
D, [2017-10-25T09:26:01.398409 #12252] DEBUG -- : REQUESTING PAGE: POST /pointToJ1 with {} and HTTP headers {"HTTP_REFERER"=>"/pointToJ1"}
D, [2017-10-25T09:26:01.414017 #12252] DEBUG -- : REQUESTING PAGE: POST /pointToJ1 with {} and HTTP headers {"HTTP_REFERER"=>"/pointToJ1"}
D, [2017-10-25T09:26:01.429642 #12252] DEBUG -- : REQUESTING PAGE: POST /pointToJ2 with {} and HTTP headers {"HTTP_REFERER"=>"/pointToJ1"}
D, [2017-10-25T09:26:01.445267 #12252] DEBUG -- : REQUESTING PAGE: POST /pointToJ2 with {} and HTTP headers {"HTTP_REFERER"=>"/pointToJ2"}
D, [2017-10-25T09:26:01.464397 #12252] DEBUG -- : REQUESTING PAGE: POST /pointToJ2 with {} and HTTP headers {"HTTP_REFERER"=>"/pointToJ2"}
D, [2017-10-25T09:26:01.477896 #12252] DEBUG -- : REQUESTING PAGE: POST /pointToJ1 with {} and HTTP headers {"HTTP_REFERER"=>"/pointToJ2"}
D, [2017-10-25T09:26:01.498699 #12252] DEBUG -- : REQUESTING PAGE: GET / with {} and HTTP headers {}
D, [2017-10-25T09:26:01.514324 #12252] DEBUG -- : REQUESTING PAGE: POST /start with {} and HTTP headers {"HTTP_REFERER"=>"/"}
D, [2017-10-25T09:26:01.529949 #12252] DEBUG -- : REQUESTING PAGE: POST /pointToJ2 with {} and HTTP headers {"HTTP_REFERER"=>"/start"}
D, [2017-10-25T09:26:01.545575 #12252] DEBUG -- : REQUESTING PAGE: POST /pointToJ2 with {} and HTTP headers {"HTTP_REFERER"=>"/pointToJ2"}
D, [2017-10-25T09:26:01.565226 #12252] DEBUG -- : REQUESTING PAGE: POST /pointToJ2 with {} and HTTP headers {"HTTP_REFERER"=>"/pointToJ2"}
D, [2017-10-25T09:26:01.566726 #12252] DEBUG -- : REQUESTING PAGE: POST /pointToJ1 with {} and HTTP headers {"HTTP_REFERER"=>"/pointToJ2"}
D, [2017-10-25T09:26:01.582570 #12252] DEBUG -- : REQUESTING PAGE: POST /pointToJ1 with {} and HTTP headers {"HTTP_REFERER"=>"/pointToJ1"}
D, [2017-10-25T09:26:01.598195 #12252] DEBUG -- : REQUESTING PAGE: POST /pointToJ1 with {} and HTTP headers {"HTTP_REFERER"=>"/pointToJ1"}
D, [2017-10-25T09:26:01.613820 #12252] DEBUG -- : REQUESTING PAGE: POST /pointToJ2 with {} and HTTP headers {"HTTP_REFERER"=>"/pointToJ1"}
D, [2017-10-25T09:26:01.629446 #12252] DEBUG -- : REQUESTING PAGE: GET / with {} and HTTP headers {}
D, [2017-10-25T09:26:01.645071 #12252] DEBUG -- : REQUESTING PAGE: POST /start with {} and HTTP headers {"HTTP_REFERER"=>"/"}
D, [2017-10-25T09:26:01.666202 #12252] DEBUG -- : REQUESTING PAGE: POST /pointToJ2 with {} and HTTP headers {"HTTP_REFERER"=>"/start"}
D, [2017-10-25T09:26:01.666703 #12252] DEBUG -- : REQUESTING PAGE: POST /pointToJ2 with {} and HTTP headers {"HTTP_REFERER"=>"/pointToJ2"}
D, [2017-10-25T09:26:01.682372 #12252] DEBUG -- : REQUESTING PAGE: POST /pointToJ2 with {} and HTTP headers {"HTTP_REFERER"=>"/pointToJ2"}
D, [2017-10-25T09:26:01.682372 #12252] DEBUG -- : REQUESTING PAGE: POST /pointToJ1 with {} and HTTP headers {"HTTP_REFERER"=>"/pointToJ2"}
D, [2017-10-25T09:26:01.697997 #12252] DEBUG -- : REQUESTING PAGE: POST /pointToJ1 with {} and HTTP headers {"HTTP_REFERER"=>"/pointToJ1"}
D, [2017-10-25T09:26:01.713623 #12252] DEBUG -- : REQUESTING PAGE: POST /pointToJ1 with {} and HTTP headers {"HTTP_REFERER"=>"/pointToJ1"}
D, [2017-10-25T09:26:01.729249 #12252] DEBUG -- : REQUESTING PAGE: GET / with {} and HTTP headers {}
D, [2017-10-25T09:26:01.765007 #12252] DEBUG -- : REQUESTING PAGE: POST /start with {} and HTTP headers {"HTTP_REFERER"=>"/"}
D, [2017-10-25T09:26:01.767008 #12252] DEBUG -- : REQUESTING PAGE: POST /pointToJ1 with {} and HTTP headers {"HTTP_REFERER"=>"/start"}
D, [2017-10-25T09:26:01.782647 #12252] DEBUG -- : REQUESTING PAGE: POST /pointToJ1 with {} and HTTP headers {"HTTP_REFERER"=>"/pointToJ1"}
D, [2017-10-25T09:26:01.798278 #12252] DEBUG -- : REQUESTING PAGE: GET / with {} and HTTP headers {"HTTP_REFERER"=>"/pointToJ1"}
D, [2017-10-25T09:26:01.813899 #12252] DEBUG -- : REQUESTING PAGE: POST /start with {} and HTTP headers {"HTTP_REFERER"=>"/"}
D, [2017-10-25T09:26:16.417128 #10804] DEBUG -- : REQUESTING PAGE: GET / with {} and HTTP headers {}
D, [2017-10-25T09:26:16.549346 #10804] DEBUG -- : REQUESTING PAGE: GET / with {} and HTTP headers {}
D, [2017-10-25T09:26:16.564971 #10804] DEBUG -- : REQUESTING PAGE: POST /start with {} and HTTP headers {"HTTP_REFERER"=>"/"}
D, [2017-10-25T09:26:16.596223 #10804] DEBUG -- : REQUESTING PAGE: GET / with {} and HTTP headers {}
D, [2017-10-25T09:26:16.616366 #10804] DEBUG -- : REQUESTING PAGE: POST /start with {} and HTTP headers {"HTTP_REFERER"=>"/"}
D, [2017-10-25T09:26:16.617868 #10804] DEBUG -- : REQUESTING PAGE: POST /pointToJ1 with {} and HTTP headers {"HTTP_REFERER"=>"/start"}
D, [2017-10-25T09:26:16.633730 #10804] DEBUG -- : REQUESTING PAGE: GET / with {} and HTTP headers {}
D, [2017-10-25T09:26:16.664981 #10804] DEBUG -- : REQUESTING PAGE: POST /start with {} and HTTP headers {"HTTP_REFERER"=>"/"}
D, [2017-10-25T09:26:16.664981 #10804] DEBUG -- : REQUESTING PAGE: POST /pointToJ2 with {} and HTTP headers {"HTTP_REFERER"=>"/start"}
D, [2017-10-25T09:26:16.696231 #10804] DEBUG -- : REQUESTING PAGE: GET / with {} and HTTP headers {}
D, [2017-10-25T09:26:16.717865 #10804] DEBUG -- : REQUESTING PAGE: POST /start with {} and HTTP headers {"HTTP_REFERER"=>"/"}
D, [2017-10-25T09:26:16.717865 #10804] DEBUG -- : REQUESTING PAGE: POST /pointToJ2 with {} and HTTP headers {"HTTP_REFERER"=>"/start"}
D, [2017-10-25T09:26:16.733503 #10804] DEBUG -- : REQUESTING PAGE: POST /pointToJ1 with {} and HTTP headers {"HTTP_REFERER"=>"/pointToJ2"}
D, [2017-10-25T09:26:16.764754 #10804] DEBUG -- : REQUESTING PAGE: GET / with {} and HTTP headers {}
D, [2017-10-25T09:26:16.780379 #10804] DEBUG -- : REQUESTING PAGE: POST /start with {} and HTTP headers {"HTTP_REFERER"=>"/"}
D, [2017-10-25T09:26:16.796004 #10804] DEBUG -- : REQUESTING PAGE: POST /pointToJ2 with {} and HTTP headers {"HTTP_REFERER"=>"/start"}
D, [2017-10-25T09:26:16.796004 #10804] DEBUG -- : REQUESTING PAGE: POST /pointToJ2 with {} and HTTP headers {"HTTP_REFERER"=>"/pointToJ2"}
D, [2017-10-25T09:26:16.833809 #10804] DEBUG -- : REQUESTING PAGE: GET / with {} and HTTP headers {}
D, [2017-10-25T09:26:16.849434 #10804] DEBUG -- : REQUESTING PAGE: POST /start with {} and HTTP headers {"HTTP_REFERER"=>"/"}
D, [2017-10-25T09:26:16.865061 #10804] DEBUG -- : REQUESTING PAGE: POST /pointToJ1 with {} and HTTP headers {"HTTP_REFERER"=>"/start"}
D, [2017-10-25T09:26:16.880685 #10804] DEBUG -- : REQUESTING PAGE: POST /pointToJ1 with {} and HTTP headers {"HTTP_REFERER"=>"/pointToJ1"}
D, [2017-10-25T09:26:16.896310 #10804] DEBUG -- : REQUESTING PAGE: GET / with {} and HTTP headers {}
D, [2017-10-25T09:26:16.918463 #10804] DEBUG -- : REQUESTING PAGE: POST /start with {} and HTTP headers {"HTTP_REFERER"=>"/"}
D, [2017-10-25T09:26:16.934110 #10804] DEBUG -- : REQUESTING PAGE: POST /pointToJ1 with {} and HTTP headers {"HTTP_REFERER"=>"/start"}
D, [2017-10-25T09:26:16.949737 #10804] DEBUG -- : REQUESTING PAGE: POST /pointToJ1 with {} and HTTP headers {"HTTP_REFERER"=>"/pointToJ1"}
D, [2017-10-25T09:26:16.949737 #10804] DEBUG -- : REQUESTING PAGE: POST /pointToJ1 with {} and HTTP headers {"HTTP_REFERER"=>"/pointToJ1"}
D, [2017-10-25T09:26:16.980986 #10804] DEBUG -- : REQUESTING PAGE: POST /pointToJ1 with {} and HTTP headers {"HTTP_REFERER"=>"/pointToJ1"}
D, [2017-10-25T09:26:16.996612 #10804] DEBUG -- : REQUESTING PAGE: GET / with {} and HTTP headers {}
D, [2017-10-25T09:26:17.018745 #10804] DEBUG -- : REQUESTING PAGE: POST /start with {} and HTTP headers {"HTTP_REFERER"=>"/"}
D, [2017-10-25T09:26:17.034414 #10804] DEBUG -- : REQUESTING PAGE: POST /pointToJ2 with {} and HTTP headers {"HTTP_REFERER"=>"/start"}
D, [2017-10-25T09:26:17.050021 #10804] DEBUG -- : REQUESTING PAGE: POST /pointToJ2 with {} and HTTP headers {"HTTP_REFERER"=>"/pointToJ2"}
D, [2017-10-25T09:26:17.050021 #10804] DEBUG -- : REQUESTING PAGE: POST /pointToJ2 with {} and HTTP headers {"HTTP_REFERER"=>"/pointToJ2"}
D, [2017-10-25T09:26:17.065646 #10804] DEBUG -- : REQUESTING PAGE: POST /pointToJ2 with {} and HTTP headers {"HTTP_REFERER"=>"/pointToJ2"}
D, [2017-10-25T09:26:17.096896 #10804] DEBUG -- : REQUESTING PAGE: GET / with {} and HTTP headers {}
D, [2017-10-25T09:26:17.114527 #10804] DEBUG -- : REQUESTING PAGE: POST /start with {} and HTTP headers {"HTTP_REFERER"=>"/"}
D, [2017-10-25T09:26:17.119029 #10804] DEBUG -- : REQUESTING PAGE: POST /pointToJ2 with {} and HTTP headers {"HTTP_REFERER"=>"/start"}
D, [2017-10-25T09:26:17.134672 #10804] DEBUG -- : REQUESTING PAGE: POST /pointToJ2 with {} and HTTP headers {"HTTP_REFERER"=>"/pointToJ2"}
D, [2017-10-25T09:26:17.150298 #10804] DEBUG -- : REQUESTING PAGE: POST /pointToJ2 with {} and HTTP headers {"HTTP_REFERER"=>"/pointToJ2"}
D, [2017-10-25T09:26:17.297472 #10804] DEBUG -- : REQUESTING PAGE: GET / with {} and HTTP headers {}
D, [2017-10-25T09:26:17.319103 #10804] DEBUG -- : REQUESTING PAGE: POST /start with {} and HTTP headers {"HTTP_REFERER"=>"/"}
D, [2017-10-25T09:26:17.334738 #10804] DEBUG -- : REQUESTING PAGE: POST /pointToJ1 with {} and HTTP headers {"HTTP_REFERER"=>"/start"}
D, [2017-10-25T09:26:17.334738 #10804] DEBUG -- : REQUESTING PAGE: POST /pointToJ1 with {} and HTTP headers {"HTTP_REFERER"=>"/pointToJ1"}
D, [2017-10-25T09:26:17.350363 #10804] DEBUG -- : REQUESTING PAGE: POST /pointToJ1 with {} and HTTP headers {"HTTP_REFERER"=>"/pointToJ1"}
D, [2017-10-25T09:26:17.365998 #10804] DEBUG -- : REQUESTING PAGE: POST /pointToJ2 with {} and HTTP headers {"HTTP_REFERER"=>"/pointToJ1"}
D, [2017-10-25T09:26:17.381614 #10804] DEBUG -- : REQUESTING PAGE: POST /pointToJ2 with {} and HTTP headers {"HTTP_REFERER"=>"/pointToJ2"}
D, [2017-10-25T09:26:17.381614 #10804] DEBUG -- : REQUESTING PAGE: POST /pointToJ2 with {} and HTTP headers {"HTTP_REFERER"=>"/pointToJ2"}
D, [2017-10-25T09:26:17.397239 #10804] DEBUG -- : REQUESTING PAGE: POST /pointToJ1 with {} and HTTP headers {"HTTP_REFERER"=>"/pointToJ2"}
D, [2017-10-25T09:26:17.419371 #10804] DEBUG -- : REQUESTING PAGE: GET / with {} and HTTP headers {}
D, [2017-10-25T09:26:17.435030 #10804] DEBUG -- : REQUESTING PAGE: POST /start with {} and HTTP headers {"HTTP_REFERER"=>"/"}
D, [2017-10-25T09:26:17.450655 #10804] DEBUG -- : REQUESTING PAGE: POST /pointToJ2 with {} and HTTP headers {"HTTP_REFERER"=>"/start"}
D, [2017-10-25T09:26:17.466281 #10804] DEBUG -- : REQUESTING PAGE: POST /pointToJ2 with {} and HTTP headers {"HTTP_REFERER"=>"/pointToJ2"}
D, [2017-10-25T09:26:17.481905 #10804] DEBUG -- : REQUESTING PAGE: POST /pointToJ2 with {} and HTTP headers {"HTTP_REFERER"=>"/pointToJ2"}
D, [2017-10-25T09:26:17.497530 #10804] DEBUG -- : REQUESTING PAGE: POST /pointToJ1 with {} and HTTP headers {"HTTP_REFERER"=>"/pointToJ2"}
D, [2017-10-25T09:26:17.517148 #10804] DEBUG -- : REQUESTING PAGE: POST /pointToJ1 with {} and HTTP headers {"HTTP_REFERER"=>"/pointToJ1"}
D, [2017-10-25T09:26:17.519459 #10804] DEBUG -- : REQUESTING PAGE: POST /pointToJ1 with {} and HTTP headers {"HTTP_REFERER"=>"/pointToJ1"}
D, [2017-10-25T09:26:17.535104 #10804] DEBUG -- : REQUESTING PAGE: POST /pointToJ2 with {} and HTTP headers {"HTTP_REFERER"=>"/pointToJ1"}
D, [2017-10-25T09:26:17.566353 #10804] DEBUG -- : REQUESTING PAGE: GET / with {} and HTTP headers {}
D, [2017-10-25T09:26:17.581980 #10804] DEBUG -- : REQUESTING PAGE: POST /start with {} and HTTP headers {"HTTP_REFERER"=>"/"}
D, [2017-10-25T09:26:17.597604 #10804] DEBUG -- : REQUESTING PAGE: POST /pointToJ2 with {} and HTTP headers {"HTTP_REFERER"=>"/start"}
D, [2017-10-25T09:26:17.618237 #10804] DEBUG -- : REQUESTING PAGE: POST /pointToJ2 with {} and HTTP headers {"HTTP_REFERER"=>"/pointToJ2"}
D, [2017-10-25T09:26:17.619738 #10804] DEBUG -- : REQUESTING PAGE: POST /pointToJ2 with {} and HTTP headers {"HTTP_REFERER"=>"/pointToJ2"}
D, [2017-10-25T09:26:17.635522 #10804] DEBUG -- : REQUESTING PAGE: POST /pointToJ1 with {} and HTTP headers {"HTTP_REFERER"=>"/pointToJ2"}
D, [2017-10-25T09:26:17.651146 #10804] DEBUG -- : REQUESTING PAGE: POST /pointToJ1 with {} and HTTP headers {"HTTP_REFERER"=>"/pointToJ1"}
D, [2017-10-25T09:26:17.651146 #10804] DEBUG -- : REQUESTING PAGE: POST /pointToJ1 with {} and HTTP headers {"HTTP_REFERER"=>"/pointToJ1"}
D, [2017-10-25T09:26:17.682398 #10804] DEBUG -- : REQUESTING PAGE: GET / with {} and HTTP headers {}
D, [2017-10-25T09:26:17.698022 #10804] DEBUG -- : REQUESTING PAGE: POST /start with {} and HTTP headers {"HTTP_REFERER"=>"/"}
D, [2017-10-25T09:26:17.718156 #10804] DEBUG -- : REQUESTING PAGE: POST /pointToJ1 with {} and HTTP headers {"HTTP_REFERER"=>"/start"}
D, [2017-10-25T09:26:17.719657 #10804] DEBUG -- : REQUESTING PAGE: POST /pointToJ1 with {} and HTTP headers {"HTTP_REFERER"=>"/pointToJ1"}
D, [2017-10-25T09:26:17.751083 #10804] DEBUG -- : REQUESTING PAGE: GET / with {} and HTTP headers {"HTTP_REFERER"=>"/pointToJ1"}
D, [2017-10-25T09:26:17.766708 #10804] DEBUG -- : REQUESTING PAGE: POST /start with {} and HTTP headers {"HTTP_REFERER"=>"/"}
D, [2017-10-25T09:26:22.143213 #7392] DEBUG -- : REQUESTING PAGE: GET / with {} and HTTP headers {}
D, [2017-10-25T09:26:22.306032 #7392] DEBUG -- : REQUESTING PAGE: GET / with {} and HTTP headers {}
D, [2017-10-25T09:26:22.321657 #7392] DEBUG -- : REQUESTING PAGE: POST /start with {} and HTTP headers {"HTTP_REFERER"=>"/"}
D, [2017-10-25T09:26:22.358594 #7392] DEBUG -- : REQUESTING PAGE: GET / with {} and HTTP headers {}
D, [2017-10-25T09:26:22.374221 #7392] DEBUG -- : REQUESTING PAGE: POST /start with {} and HTTP headers {"HTTP_REFERER"=>"/"}
D, [2017-10-25T09:26:22.374221 #7392] DEBUG -- : REQUESTING PAGE: POST /pointToJ1 with {} and HTTP headers {"HTTP_REFERER"=>"/start"}
D, [2017-10-25T09:26:22.405471 #7392] DEBUG -- : REQUESTING PAGE: GET / with {} and HTTP headers {}
D, [2017-10-25T09:26:22.421095 #7392] DEBUG -- : REQUESTING PAGE: POST /start with {} and HTTP headers {"HTTP_REFERER"=>"/"}
D, [2017-10-25T09:26:22.421095 #7392] DEBUG -- : REQUESTING PAGE: POST /pointToJ2 with {} and HTTP headers {"HTTP_REFERER"=>"/start"}
D, [2017-10-25T09:26:22.458866 #7392] DEBUG -- : REQUESTING PAGE: GET / with {} and HTTP headers {}
D, [2017-10-25T09:26:22.474493 #7392] DEBUG -- : REQUESTING PAGE: POST /start with {} and HTTP headers {"HTTP_REFERER"=>"/"}
D, [2017-10-25T09:26:22.474493 #7392] DEBUG -- : REQUESTING PAGE: POST /pointToJ2 with {} and HTTP headers {"HTTP_REFERER"=>"/start"}
D, [2017-10-25T09:26:22.490117 #7392] DEBUG -- : REQUESTING PAGE: POST /pointToJ1 with {} and HTTP headers {"HTTP_REFERER"=>"/pointToJ2"}
D, [2017-10-25T09:26:22.521368 #7392] DEBUG -- : REQUESTING PAGE: GET / with {} and HTTP headers {}
D, [2017-10-25T09:26:22.542999 #7392] DEBUG -- : REQUESTING PAGE: POST /start with {} and HTTP headers {"HTTP_REFERER"=>"/"}
D, [2017-10-25T09:26:22.544001 #7392] DEBUG -- : REQUESTING PAGE: POST /pointToJ2 with {} and HTTP headers {"HTTP_REFERER"=>"/start"}
D, [2017-10-25T09:26:22.559628 #7392] DEBUG -- : REQUESTING PAGE: POST /pointToJ2 with {} and HTTP headers {"HTTP_REFERER"=>"/pointToJ2"}
D, [2017-10-25T09:26:22.590877 #7392] DEBUG -- : REQUESTING PAGE: GET / with {} and HTTP headers {}
D, [2017-10-25T09:26:22.606503 #7392] DEBUG -- : REQUESTING PAGE: POST /start with {} and HTTP headers {"HTTP_REFERER"=>"/"}
D, [2017-10-25T09:26:22.659897 #7392] DEBUG -- : REQUESTING PAGE: POST /pointToJ1 with {} and HTTP headers {"HTTP_REFERER"=>"/start"}
D, [2017-10-25T09:26:22.659897 #7392] DEBUG -- : REQUESTING PAGE: POST /pointToJ1 with {} and HTTP headers {"HTTP_REFERER"=>"/pointToJ1"}
D, [2017-10-25T09:26:22.675522 #7392] DEBUG -- : REQUESTING PAGE: GET / with {} and HTTP headers {}
D, [2017-10-25T09:26:22.706765 #7392] DEBUG -- : REQUESTING PAGE: POST /start with {} and HTTP headers {"HTTP_REFERER"=>"/"}
D, [2017-10-25T09:26:22.722388 #7392] DEBUG -- : REQUESTING PAGE: POST /pointToJ1 with {} and HTTP headers {"HTTP_REFERER"=>"/start"}
D, [2017-10-25T09:26:22.722388 #7392] DEBUG -- : REQUESTING PAGE: POST /pointToJ1 with {} and HTTP headers {"HTTP_REFERER"=>"/pointToJ1"}
D, [2017-10-25T09:26:22.744021 #7392] DEBUG -- : REQUESTING PAGE: POST /pointToJ1 with {} and HTTP headers {"HTTP_REFERER"=>"/pointToJ1"}
D, [2017-10-25T09:26:22.759656 #7392] DEBUG -- : REQUESTING PAGE: POST /pointToJ1 with {} and HTTP headers {"HTTP_REFERER"=>"/pointToJ1"}
D, [2017-10-25T09:26:22.775280 #7392] DEBUG -- : REQUESTING PAGE: GET / with {} and HTTP headers {}
D, [2017-10-25T09:26:22.806531 #7392] DEBUG -- : REQUESTING PAGE: POST /start with {} and HTTP headers {"HTTP_REFERER"=>"/"}
D, [2017-10-25T09:26:22.822157 #7392] DEBUG -- : REQUESTING PAGE: POST /pointToJ2 with {} and HTTP headers {"HTTP_REFERER"=>"/start"}
D, [2017-10-25T09:26:22.844292 #7392] DEBUG -- : REQUESTING PAGE: POST /pointToJ2 with {} and HTTP headers {"HTTP_REFERER"=>"/pointToJ2"}
D, [2017-10-25T09:26:22.859929 #7392] DEBUG -- : REQUESTING PAGE: POST /pointToJ2 with {} and HTTP headers {"HTTP_REFERER"=>"/pointToJ2"}
D, [2017-10-25T09:26:22.859929 #7392] DEBUG -- : REQUESTING PAGE: POST /pointToJ2 with {} and HTTP headers {"HTTP_REFERER"=>"/pointToJ2"}
D, [2017-10-25T09:26:22.891180 #7392] DEBUG -- : REQUESTING PAGE: GET / with {} and HTTP headers {}
D, [2017-10-25T09:26:22.906806 #7392] DEBUG -- : REQUESTING PAGE: POST /start with {} and HTTP headers {"HTTP_REFERER"=>"/"}
D, [2017-10-25T09:26:22.922431 #7392] DEBUG -- : REQUESTING PAGE: POST /pointToJ2 with {} and HTTP headers {"HTTP_REFERER"=>"/start"}
D, [2017-10-25T09:26:22.944564 #7392] DEBUG -- : REQUESTING PAGE: POST /pointToJ2 with {} and HTTP headers {"HTTP_REFERER"=>"/pointToJ2"}
D, [2017-10-25T09:26:22.960273 #7392] DEBUG -- : REQUESTING PAGE: POST /pointToJ2 with {} and HTTP headers {"HTTP_REFERER"=>"/pointToJ2"}
D, [2017-10-25T09:26:22.991542 #7392] DEBUG -- : REQUESTING PAGE: GET / with {} and HTTP headers {}
D, [2017-10-25T09:26:22.991542 #7392] DEBUG -- : REQUESTING PAGE: POST /start with {} and HTTP headers {"HTTP_REFERER"=>"/"}
D, [2017-10-25T09:26:23.007148 #7392] DEBUG -- : REQUESTING PAGE: POST /pointToJ1 with {} and HTTP headers {"HTTP_REFERER"=>"/start"}
D, [2017-10-25T09:26:23.022777 #7392] DEBUG -- : REQUESTING PAGE: POST /pointToJ1 with {} and HTTP headers {"HTTP_REFERER"=>"/pointToJ1"}
D, [2017-10-25T09:26:23.044443 #7392] DEBUG -- : REQUESTING PAGE: POST /pointToJ1 with {} and HTTP headers {"HTTP_REFERER"=>"/pointToJ1"}
D, [2017-10-25T09:26:23.060089 #7392] DEBUG -- : REQUESTING PAGE: POST /pointToJ2 with {} and HTTP headers {"HTTP_REFERER"=>"/pointToJ1"}
D, [2017-10-25T09:26:23.060089 #7392] DEBUG -- : REQUESTING PAGE: POST /pointToJ2 with {} and HTTP headers {"HTTP_REFERER"=>"/pointToJ2"}
D, [2017-10-25T09:26:23.075715 #7392] DEBUG -- : REQUESTING PAGE: POST /pointToJ2 with {} and HTTP headers {"HTTP_REFERER"=>"/pointToJ2"}
D, [2017-10-25T09:26:23.091347 #7392] DEBUG -- : REQUESTING PAGE: POST /pointToJ1 with {} and HTTP headers {"HTTP_REFERER"=>"/pointToJ2"}
D, [2017-10-25T09:26:23.122591 #7392] DEBUG -- : REQUESTING PAGE: GET / with {} and HTTP headers {}
D, [2017-10-25T09:26:23.142222 #7392] DEBUG -- : REQUESTING PAGE: POST /start with {} and HTTP headers {"HTTP_REFERER"=>"/"}
D, [2017-10-25T09:26:23.145226 #7392] DEBUG -- : REQUESTING PAGE: POST /pointToJ2 with {} and HTTP headers {"HTTP_REFERER"=>"/start"}
D, [2017-10-25T09:26:23.160852 #7392] DEBUG -- : REQUESTING PAGE: POST /pointToJ2 with {} and HTTP headers {"HTTP_REFERER"=>"/pointToJ2"}
D, [2017-10-25T09:26:23.176477 #7392] DEBUG -- : REQUESTING PAGE: POST /pointToJ2 with {} and HTTP headers {"HTTP_REFERER"=>"/pointToJ2"}
D, [2017-10-25T09:26:23.192101 #7392] DEBUG -- : REQUESTING PAGE: POST /pointToJ1 with {} and HTTP headers {"HTTP_REFERER"=>"/pointToJ2"}
D, [2017-10-25T09:26:23.192101 #7392] DEBUG -- : REQUESTING PAGE: POST /pointToJ1 with {} and HTTP headers {"HTTP_REFERER"=>"/pointToJ1"}
D, [2017-10-25T09:26:23.207727 #7392] DEBUG -- : REQUESTING PAGE: POST /pointToJ1 with {} and HTTP headers {"HTTP_REFERER"=>"/pointToJ1"}
D, [2017-10-25T09:26:23.223353 #7392] DEBUG -- : REQUESTING PAGE: POST /pointToJ2 with {} and HTTP headers {"HTTP_REFERER"=>"/pointToJ1"}
D, [2017-10-25T09:26:23.244735 #7392] DEBUG -- : REQUESTING PAGE: GET / with {} and HTTP headers {}
D, [2017-10-25T09:26:23.260368 #7392] DEBUG -- : REQUESTING PAGE: POST /start with {} and HTTP headers {"HTTP_REFERER"=>"/"}
D, [2017-10-25T09:26:23.275995 #7392] DEBUG -- : REQUESTING PAGE: POST /pointToJ2 with {} and HTTP headers {"HTTP_REFERER"=>"/start"}
D, [2017-10-25T09:26:23.291620 #7392] DEBUG -- : REQUESTING PAGE: POST /pointToJ2 with {} and HTTP headers {"HTTP_REFERER"=>"/pointToJ2"}
D, [2017-10-25T09:26:23.307244 #7392] DEBUG -- : REQUESTING PAGE: POST /pointToJ2 with {} and HTTP headers {"HTTP_REFERER"=>"/pointToJ2"}
D, [2017-10-25T09:26:23.322871 #7392] DEBUG -- : REQUESTING PAGE: POST /pointToJ1 with {} and HTTP headers {"HTTP_REFERER"=>"/pointToJ2"}
D, [2017-10-25T09:26:23.322871 #7392] DEBUG -- : REQUESTING PAGE: POST /pointToJ1 with {} and HTTP headers {"HTTP_REFERER"=>"/pointToJ1"}
D, [2017-10-25T09:26:23.345010 #7392] DEBUG -- : REQUESTING PAGE: POST /pointToJ1 with {} and HTTP headers {"HTTP_REFERER"=>"/pointToJ1"}
D, [2017-10-25T09:26:23.360654 #7392] DEBUG -- : REQUESTING PAGE: GET / with {} and HTTP headers {}
D, [2017-10-25T09:26:23.391905 #7392] DEBUG -- : REQUESTING PAGE: POST /start with {} and HTTP headers {"HTTP_REFERER"=>"/"}
D, [2017-10-25T09:26:23.407529 #7392] DEBUG -- : REQUESTING PAGE: POST /pointToJ1 with {} and HTTP headers {"HTTP_REFERER"=>"/start"}
D, [2017-10-25T09:26:23.423155 #7392] DEBUG -- : REQUESTING PAGE: POST /pointToJ1 with {} and HTTP headers {"HTTP_REFERER"=>"/pointToJ1"}
D, [2017-10-25T09:26:23.445288 #7392] DEBUG -- : REQUESTING PAGE: GET / with {} and HTTP headers {"HTTP_REFERER"=>"/pointToJ1"}
D, [2017-10-25T09:26:23.460922 #7392] DEBUG -- : REQUESTING PAGE: POST /start with {} and HTTP headers {"HTTP_REFERER"=>"/"}
D, [2017-10-25T09:28:06.501619 #3064] DEBUG -- : REQUESTING PAGE: GET / with {} and HTTP headers {}
D, [2017-10-25T09:28:06.655184 #3064] DEBUG -- : REQUESTING PAGE: GET / with {} and HTTP headers {}
D, [2017-10-25T09:28:06.670790 #3064] DEBUG -- : REQUESTING PAGE: POST /start with {} and HTTP headers {"HTTP_REFERER"=>"/"}
D, [2017-10-25T09:28:06.708553 #3064] DEBUG -- : REQUESTING PAGE: GET / with {} and HTTP headers {}
D, [2017-10-25T09:28:06.724580 #3064] DEBUG -- : REQUESTING PAGE: POST /start with {} and HTTP headers {"HTTP_REFERER"=>"/"}
D, [2017-10-25T09:28:06.740205 #3064] DEBUG -- : REQUESTING PAGE: POST /pointToJ1 with {} and HTTP headers {"HTTP_REFERER"=>"/start"}
D, [2017-10-25T09:28:06.755830 #3064] DEBUG -- : REQUESTING PAGE: GET / with {} and HTTP headers {}
D, [2017-10-25T09:28:06.771455 #3064] DEBUG -- : REQUESTING PAGE: POST /start with {} and HTTP headers {"HTTP_REFERER"=>"/"}
D, [2017-10-25T09:28:06.787081 #3064] DEBUG -- : REQUESTING PAGE: POST /pointToJ2 with {} and HTTP headers {"HTTP_REFERER"=>"/start"}
D, [2017-10-25T09:28:06.808469 #3064] DEBUG -- : REQUESTING PAGE: GET / with {} and HTTP headers {}
D, [2017-10-25T09:28:06.824106 #3064] DEBUG -- : REQUESTING PAGE: POST /start with {} and HTTP headers {"HTTP_REFERER"=>"/"}
D, [2017-10-25T09:28:06.839741 #3064] DEBUG -- : REQUESTING PAGE: POST /pointToJ2 with {} and HTTP headers {"HTTP_REFERER"=>"/start"}
D, [2017-10-25T09:28:06.855355 #3064] DEBUG -- : REQUESTING PAGE: POST /pointToJ1 with {} and HTTP headers {"HTTP_REFERER"=>"/pointToJ2"}
D, [2017-10-25T09:28:06.886607 #3064] DEBUG -- : REQUESTING PAGE: GET / with {} and HTTP headers {}
D, [2017-10-25T09:28:06.905239 #3064] DEBUG -- : REQUESTING PAGE: POST /start with {} and HTTP headers {"HTTP_REFERER"=>"/"}
D, [2017-10-25T09:28:06.908741 #3064] DEBUG -- : REQUESTING PAGE: POST /pointToJ2 with {} and HTTP headers {"HTTP_REFERER"=>"/start"}
D, [2017-10-25T09:28:06.924395 #3064] DEBUG -- : REQUESTING PAGE: POST /pointToJ2 with {} and HTTP headers {"HTTP_REFERER"=>"/pointToJ2"}
D, [2017-10-25T09:28:06.955645 #3064] DEBUG -- : REQUESTING PAGE: GET / with {} and HTTP headers {}
D, [2017-10-25T09:28:06.971270 #3064] DEBUG -- : REQUESTING PAGE: POST /start with {} and HTTP headers {"HTTP_REFERER"=>"/"}
D, [2017-10-25T09:28:07.005545 #3064] DEBUG -- : REQUESTING PAGE: POST /pointToJ1 with {} and HTTP headers {"HTTP_REFERER"=>"/start"}
D, [2017-10-25T09:28:07.008547 #3064] DEBUG -- : REQUESTING PAGE: POST /pointToJ1 with {} and HTTP headers {"HTTP_REFERER"=>"/pointToJ1"}
D, [2017-10-25T09:28:07.039815 #3064] DEBUG -- : REQUESTING PAGE: GET / with {} and HTTP headers {}
D, [2017-10-25T09:28:07.055439 #3064] DEBUG -- : REQUESTING PAGE: POST /start with {} and HTTP headers {"HTTP_REFERER"=>"/"}
D, [2017-10-25T09:28:07.071066 #3064] DEBUG -- : REQUESTING PAGE: POST /pointToJ1 with {} and HTTP headers {"HTTP_REFERER"=>"/start"}
D, [2017-10-25T09:28:07.086690 #3064] DEBUG -- : REQUESTING PAGE: POST /pointToJ1 with {} and HTTP headers {"HTTP_REFERER"=>"/pointToJ1"}
D, [2017-10-25T09:28:07.108365 #3064] DEBUG -- : REQUESTING PAGE: POST /pointToJ1 with {} and HTTP headers {"HTTP_REFERER"=>"/pointToJ1"}
D, [2017-10-25T09:28:07.124029 #3064] DEBUG -- : REQUESTING PAGE: POST /pointToJ1 with {} and HTTP headers {"HTTP_REFERER"=>"/pointToJ1"}
D, [2017-10-25T09:28:07.155277 #3064] DEBUG -- : REQUESTING PAGE: GET / with {} and HTTP headers {}
D, [2017-10-25T09:28:07.170900 #3064] DEBUG -- : REQUESTING PAGE: POST /start with {} and HTTP headers {"HTTP_REFERER"=>"/"}
D, [2017-10-25T09:28:07.186525 #3064] DEBUG -- : REQUESTING PAGE: POST /pointToJ2 with {} and HTTP headers {"HTTP_REFERER"=>"/start"}
D, [2017-10-25T09:28:07.205659 #3064] DEBUG -- : REQUESTING PAGE: POST /pointToJ2 with {} and HTTP headers {"HTTP_REFERER"=>"/pointToJ2"}
D, [2017-10-25T09:28:07.208660 #3064] DEBUG -- : REQUESTING PAGE: POST /pointToJ2 with {} and HTTP headers {"HTTP_REFERER"=>"/pointToJ2"}
D, [2017-10-25T09:28:07.224295 #3064] DEBUG -- : REQUESTING PAGE: POST /pointToJ2 with {} and HTTP headers {"HTTP_REFERER"=>"/pointToJ2"}
D, [2017-10-25T09:28:07.239920 #3064] DEBUG -- : REQUESTING PAGE: GET / with {} and HTTP headers {}
D, [2017-10-25T09:28:07.255546 #3064] DEBUG -- : REQUESTING PAGE: POST /start with {} and HTTP headers {"HTTP_REFERER"=>"/"}
D, [2017-10-25T09:28:07.271171 #3064] DEBUG -- : REQUESTING PAGE: POST /pointToJ2 with {} and HTTP headers {"HTTP_REFERER"=>"/start"}
D, [2017-10-25T09:28:07.286797 #3064] DEBUG -- : REQUESTING PAGE: POST /pointToJ2 with {} and HTTP headers {"HTTP_REFERER"=>"/pointToJ2"}
D, [2017-10-25T09:28:07.308931 #3064] DEBUG -- : REQUESTING PAGE: POST /pointToJ2 with {} and HTTP headers {"HTTP_REFERER"=>"/pointToJ2"}
D, [2017-10-25T09:28:07.424866 #3064] DEBUG -- : REQUESTING PAGE: GET / with {} and HTTP headers {}
D, [2017-10-25T09:28:07.456118 #3064] DEBUG -- : REQUESTING PAGE: POST /start with {} and HTTP headers {"HTTP_REFERER"=>"/"}
D, [2017-10-25T09:28:07.456118 #3064] DEBUG -- : REQUESTING PAGE: POST /pointToJ1 with {} and HTTP headers {"HTTP_REFERER"=>"/start"}
D, [2017-10-25T09:28:07.471750 #3064] DEBUG -- : REQUESTING PAGE: POST /pointToJ1 with {} and HTTP headers {"HTTP_REFERER"=>"/pointToJ1"}
D, [2017-10-25T09:28:07.487377 #3064] DEBUG -- : REQUESTING PAGE: POST /pointToJ1 with {} and HTTP headers {"HTTP_REFERER"=>"/pointToJ1"}
D, [2017-10-25T09:28:07.509500 #3064] DEBUG -- : REQUESTING PAGE: POST /pointToJ2 with {} and HTTP headers {"HTTP_REFERER"=>"/pointToJ1"}
D, [2017-10-25T09:28:07.525140 #3064] DEBUG -- : REQUESTING PAGE: POST /pointToJ2 with {} and HTTP headers {"HTTP_REFERER"=>"/pointToJ2"}
D, [2017-10-25T09:28:07.525140 #3064] DEBUG -- : REQUESTING PAGE: POST /pointToJ2 with {} and HTTP headers {"HTTP_REFERER"=>"/pointToJ2"}
D, [2017-10-25T09:28:07.540769 #3064] DEBUG -- : REQUESTING PAGE: POST /pointToJ1 with {} and HTTP headers {"HTTP_REFERER"=>"/pointToJ2"}
D, [2017-10-25T09:28:07.556390 #3064] DEBUG -- : REQUESTING PAGE: GET / with {} and HTTP headers {}
D, [2017-10-25T09:28:07.587641 #3064] DEBUG -- : REQUESTING PAGE: POST /start with {} and HTTP headers {"HTTP_REFERER"=>"/"}
D, [2017-10-25T09:28:07.603268 #3064] DEBUG -- : REQUESTING PAGE: POST /pointToJ2 with {} and HTTP headers {"HTTP_REFERER"=>"/start"}
D, [2017-10-25T09:28:07.609706 #3064] DEBUG -- : REQUESTING PAGE: POST /pointToJ2 with {} and HTTP headers {"HTTP_REFERER"=>"/pointToJ2"}
D, [2017-10-25T09:28:07.625348 #3064] DEBUG -- : REQUESTING PAGE: POST /pointToJ2 with {} and HTTP headers {"HTTP_REFERER"=>"/pointToJ2"}
D, [2017-10-25T09:28:07.625348 #3064] DEBUG -- : REQUESTING PAGE: POST /pointToJ1 with {} and HTTP headers {"HTTP_REFERER"=>"/pointToJ2"}
D, [2017-10-25T09:28:07.640992 #3064] DEBUG -- : REQUESTING PAGE: POST /pointToJ1 with {} and HTTP headers {"HTTP_REFERER"=>"/pointToJ1"}
D, [2017-10-25T09:28:07.656599 #3064] DEBUG -- : REQUESTING PAGE: POST /pointToJ1 with {} and HTTP headers {"HTTP_REFERER"=>"/pointToJ1"}
D, [2017-10-25T09:28:07.672225 #3064] DEBUG -- : REQUESTING PAGE: POST /pointToJ2 with {} and HTTP headers {"HTTP_REFERER"=>"/pointToJ1"}
D, [2017-10-25T09:28:07.687854 #3064] DEBUG -- : REQUESTING PAGE: GET / with {} and HTTP headers {}
D, [2017-10-25T09:28:07.710487 #3064] DEBUG -- : REQUESTING PAGE: POST /start with {} and HTTP headers {"HTTP_REFERER"=>"/"}
D, [2017-10-25T09:28:07.726115 #3064] DEBUG -- : REQUESTING PAGE: POST /pointToJ2 with {} and HTTP headers {"HTTP_REFERER"=>"/start"}
D, [2017-10-25T09:28:07.726115 #3064] DEBUG -- : REQUESTING PAGE: POST /pointToJ2 with {} and HTTP headers {"HTTP_REFERER"=>"/pointToJ2"}
D, [2017-10-25T09:28:07.741742 #3064] DEBUG -- : REQUESTING PAGE: POST /pointToJ2 with {} and HTTP headers {"HTTP_REFERER"=>"/pointToJ2"}
D, [2017-10-25T09:28:07.741742 #3064] DEBUG -- : REQUESTING PAGE: POST /pointToJ1 with {} and HTTP headers {"HTTP_REFERER"=>"/pointToJ2"}
D, [2017-10-25T09:28:07.757368 #3064] DEBUG -- : REQUESTING PAGE: POST /pointToJ1 with {} and HTTP headers {"HTTP_REFERER"=>"/pointToJ1"}
D, [2017-10-25T09:28:07.772991 #3064] DEBUG -- : REQUESTING PAGE: POST /pointToJ1 with {} and HTTP headers {"HTTP_REFERER"=>"/pointToJ1"}
D, [2017-10-25T09:28:07.788616 #3064] DEBUG -- : REQUESTING PAGE: GET / with {} and HTTP headers {}
D, [2017-10-25T09:28:07.810250 #3064] DEBUG -- : REQUESTING PAGE: POST /start with {} and HTTP headers {"HTTP_REFERER"=>"/"}
D, [2017-10-25T09:28:07.810250 #3064] DEBUG -- : REQUESTING PAGE: POST /pointToJ1 with {} and HTTP headers {"HTTP_REFERER"=>"/start"}
D, [2017-10-25T09:28:07.825895 #3064] DEBUG -- : REQUESTING PAGE: POST /pointToJ1 with {} and HTTP headers {"HTTP_REFERER"=>"/pointToJ1"}
D, [2017-10-25T09:28:07.857146 #3064] DEBUG -- : REQUESTING PAGE: GET / with {} and HTTP headers {"HTTP_REFERER"=>"/pointToJ1"}
D, [2017-10-25T09:28:07.872772 #3064] DEBUG -- : REQUESTING PAGE: POST /start with {} and HTTP headers {"HTTP_REFERER"=>"/"}
D, [2017-10-25T09:29:01.588489 #784] DEBUG -- : REQUESTING PAGE: GET / with {} and HTTP headers {}
D, [2017-10-25T09:29:01.738148 #784] DEBUG -- : REQUESTING PAGE: GET / with {} and HTTP headers {}
D, [2017-10-25T09:29:01.753773 #784] DEBUG -- : REQUESTING PAGE: POST /start with {} and HTTP headers {"HTTP_REFERER"=>"/"}
D, [2017-10-25T09:29:01.791532 #784] DEBUG -- : REQUESTING PAGE: GET / with {} and HTTP headers {}
D, [2017-10-25T09:29:01.807172 #784] DEBUG -- : REQUESTING PAGE: POST /start with {} and HTTP headers {"HTTP_REFERER"=>"/"}
D, [2017-10-25T09:29:01.822817 #784] DEBUG -- : REQUESTING PAGE: POST /pointToJ1 with {} and HTTP headers {"HTTP_REFERER"=>"/start"}
D, [2017-10-25T09:29:01.838424 #784] DEBUG -- : REQUESTING PAGE: GET / with {} and HTTP headers {}
D, [2017-10-25T09:29:01.854048 #784] DEBUG -- : REQUESTING PAGE: POST /start with {} and HTTP headers {"HTTP_REFERER"=>"/"}
D, [2017-10-25T09:29:01.854048 #784] DEBUG -- : REQUESTING PAGE: POST /pointToJ2 with {} and HTTP headers {"HTTP_REFERER"=>"/start"}
D, [2017-10-25T09:29:01.891609 #784] DEBUG -- : REQUESTING PAGE: GET / with {} and HTTP headers {}
D, [2017-10-25T09:29:01.907257 #784] DEBUG -- : REQUESTING PAGE: POST /start with {} and HTTP headers {"HTTP_REFERER"=>"/"}
D, [2017-10-25T09:29:01.907257 #784] DEBUG -- : REQUESTING PAGE: POST /pointToJ2 with {} and HTTP headers {"HTTP_REFERER"=>"/start"}
D, [2017-10-25T09:29:01.922891 #784] DEBUG -- : REQUESTING PAGE: POST /pointToJ1 with {} and HTTP headers {"HTTP_REFERER"=>"/pointToJ2"}
D, [2017-10-25T09:29:01.954132 #784] DEBUG -- : REQUESTING PAGE: GET / with {} and HTTP headers {}
D, [2017-10-25T09:29:01.954132 #784] DEBUG -- : REQUESTING PAGE: POST /start with {} and HTTP headers {"HTTP_REFERER"=>"/"}
D, [2017-10-25T09:29:01.969759 #784] DEBUG -- : REQUESTING PAGE: POST /pointToJ2 with {} and HTTP headers {"HTTP_REFERER"=>"/start"}
D, [2017-10-25T09:29:01.991762 #784] DEBUG -- : REQUESTING PAGE: POST /pointToJ2 with {} and HTTP headers {"HTTP_REFERER"=>"/pointToJ2"}
D, [2017-10-25T09:29:02.007409 #784] DEBUG -- : REQUESTING PAGE: GET / with {} and HTTP headers {}
D, [2017-10-25T09:29:02.023033 #784] DEBUG -- : REQUESTING PAGE: POST /start with {} and HTTP headers {"HTTP_REFERER"=>"/"}
D, [2017-10-25T09:29:02.038659 #784] DEBUG -- : REQUESTING PAGE: POST /pointToJ1 with {} and HTTP headers {"HTTP_REFERER"=>"/start"}
D, [2017-10-25T09:29:02.054285 #784] DEBUG -- : REQUESTING PAGE: POST /pointToJ1 with {} and HTTP headers {"HTTP_REFERER"=>"/pointToJ1"}
D, [2017-10-25T09:29:02.088320 #784] DEBUG -- : REQUESTING PAGE: GET / with {} and HTTP headers {}
D, [2017-10-25T09:29:02.107446 #784] DEBUG -- : REQUESTING PAGE: POST /start with {} and HTTP headers {"HTTP_REFERER"=>"/"}
D, [2017-10-25T09:29:02.107446 #784] DEBUG -- : REQUESTING PAGE: POST /pointToJ1 with {} and HTTP headers {"HTTP_REFERER"=>"/start"}
D, [2017-10-25T09:29:02.123072 #784] DEBUG -- : REQUESTING PAGE: POST /pointToJ1 with {} and HTTP headers {"HTTP_REFERER"=>"/pointToJ1"}
D, [2017-10-25T09:29:02.138703 #784] DEBUG -- : REQUESTING PAGE: POST /pointToJ1 with {} and HTTP headers {"HTTP_REFERER"=>"/pointToJ1"}
D, [2017-10-25T09:29:02.154321 #784] DEBUG -- : REQUESTING PAGE: POST /pointToJ1 with {} and HTTP headers {"HTTP_REFERER"=>"/pointToJ1"}
D, [2017-10-25T09:29:02.191579 #784] DEBUG -- : REQUESTING PAGE: GET / with {} and HTTP headers {}
D, [2017-10-25T09:29:02.207232 #784] DEBUG -- : REQUESTING PAGE: POST /start with {} and HTTP headers {"HTTP_REFERER"=>"/"}
D, [2017-10-25T09:29:02.222857 #784] DEBUG -- : REQUESTING PAGE: POST /pointToJ2 with {} and HTTP headers {"HTTP_REFERER"=>"/start"}
D, [2017-10-25T09:29:02.238482 #784] DEBUG -- : REQUESTING PAGE: POST /pointToJ2 with {} and HTTP headers {"HTTP_REFERER"=>"/pointToJ2"}
D, [2017-10-25T09:29:02.254108 #784] DEBUG -- : REQUESTING PAGE: POST /pointToJ2 with {} and HTTP headers {"HTTP_REFERER"=>"/pointToJ2"}
D, [2017-10-25T09:29:02.254108 #784] DEBUG -- : REQUESTING PAGE: POST /pointToJ2 with {} and HTTP headers {"HTTP_REFERER"=>"/pointToJ2"}
D, [2017-10-25T09:29:02.285359 #784] DEBUG -- : REQUESTING PAGE: GET / with {} and HTTP headers {}
D, [2017-10-25T09:29:02.291897 #784] DEBUG -- : REQUESTING PAGE: POST /start with {} and HTTP headers {"HTTP_REFERER"=>"/"}
D, [2017-10-25T09:29:02.307592 #784] DEBUG -- : REQUESTING PAGE: POST /pointToJ2 with {} and HTTP headers {"HTTP_REFERER"=>"/start"}
D, [2017-10-25T09:29:02.469471 #784] DEBUG -- : REQUESTING PAGE: POST /pointToJ2 with {} and HTTP headers {"HTTP_REFERER"=>"/pointToJ2"}
D, [2017-10-25T09:29:02.481538 #784] DEBUG -- : REQUESTING PAGE: POST /pointToJ2 with {} and HTTP headers {"HTTP_REFERER"=>"/pointToJ2"}
D, [2017-10-25T09:29:02.509700 #784] DEBUG -- : REQUESTING PAGE: GET / with {} and HTTP headers {}
D, [2017-10-25T09:29:02.525306 #784] DEBUG -- : REQUESTING PAGE: POST /start with {} and HTTP headers {"HTTP_REFERER"=>"/"}
D, [2017-10-25T09:29:02.525306 #784] DEBUG -- : REQUESTING PAGE: POST /pointToJ1 with {} and HTTP headers {"HTTP_REFERER"=>"/start"}
D, [2017-10-25T09:29:02.540931 #784] DEBUG -- : REQUESTING PAGE: POST /pointToJ1 with {} and HTTP headers {"HTTP_REFERER"=>"/pointToJ1"}
D, [2017-10-25T09:29:02.556557 #784] DEBUG -- : REQUESTING PAGE: POST /pointToJ1 with {} and HTTP headers {"HTTP_REFERER"=>"/pointToJ1"}
D, [2017-10-25T09:29:02.572183 #784] DEBUG -- : REQUESTING PAGE: POST /pointToJ2 with {} and HTTP headers {"HTTP_REFERER"=>"/pointToJ1"}
D, [2017-10-25T09:29:02.591980 #784] DEBUG -- : REQUESTING PAGE: POST /pointToJ2 with {} and HTTP headers {"HTTP_REFERER"=>"/pointToJ2"}
D, [2017-10-25T09:29:02.593982 #784] DEBUG -- : REQUESTING PAGE: POST /pointToJ2 with {} and HTTP headers {"HTTP_REFERER"=>"/pointToJ2"}
D, [2017-10-25T09:29:02.609911 #784] DEBUG -- : REQUESTING PAGE: POST /pointToJ1 with {} and HTTP headers {"HTTP_REFERER"=>"/pointToJ2"}
D, [2017-10-25T09:29:02.641143 #784] DEBUG -- : REQUESTING PAGE: GET / with {} and HTTP headers {}
D, [2017-10-25T09:29:02.656768 #784] DEBUG -- : REQUESTING PAGE: POST /start with {} and HTTP headers {"HTTP_REFERER"=>"/"}
D, [2017-10-25T09:29:02.672394 #784] DEBUG -- : REQUESTING PAGE: POST /pointToJ2 with {} and HTTP headers {"HTTP_REFERER"=>"/start"}
D, [2017-10-25T09:29:02.672394 #784] DEBUG -- : REQUESTING PAGE: POST /pointToJ2 with {} and HTTP headers {"HTTP_REFERER"=>"/pointToJ2"}
D, [2017-10-25T09:29:02.694025 #784] DEBUG -- : REQUESTING PAGE: POST /pointToJ2 with {} and HTTP headers {"HTTP_REFERER"=>"/pointToJ2"}
D, [2017-10-25T09:29:02.709695 #784] DEBUG -- : REQUESTING PAGE: POST /pointToJ1 with {} and HTTP headers {"HTTP_REFERER"=>"/pointToJ2"}
D, [2017-10-25T09:29:02.709695 #784] DEBUG -- : REQUESTING PAGE: POST /pointToJ1 with {} and HTTP headers {"HTTP_REFERER"=>"/pointToJ1"}
D, [2017-10-25T09:29:02.725319 #784] DEBUG -- : REQUESTING PAGE: POST /pointToJ1 with {} and HTTP headers {"HTTP_REFERER"=>"/pointToJ1"}
D, [2017-10-25T09:29:02.740945 #784] DEBUG -- : REQUESTING PAGE: POST /pointToJ2 with {} and HTTP headers {"HTTP_REFERER"=>"/pointToJ1"}
D, [2017-10-25T09:29:02.756570 #784] DEBUG -- : REQUESTING PAGE: GET / with {} and HTTP headers {}
D, [2017-10-25T09:29:02.772195 #784] DEBUG -- : REQUESTING PAGE: POST /start with {} and HTTP headers {"HTTP_REFERER"=>"/"}
D, [2017-10-25T09:29:02.791827 #784] DEBUG -- : REQUESTING PAGE: POST /pointToJ2 with {} and HTTP headers {"HTTP_REFERER"=>"/start"}
D, [2017-10-25T09:29:02.794328 #784] DEBUG -- : REQUESTING PAGE: POST /pointToJ2 with {} and HTTP headers {"HTTP_REFERER"=>"/pointToJ2"}
D, [2017-10-25T09:29:02.809973 #784] DEBUG -- : REQUESTING PAGE: POST /pointToJ2 with {} and HTTP headers {"HTTP_REFERER"=>"/pointToJ2"}
D, [2017-10-25T09:29:02.825598 #784] DEBUG -- : REQUESTING PAGE: POST /pointToJ1 with {} and HTTP headers {"HTTP_REFERER"=>"/pointToJ2"}
D, [2017-10-25T09:29:02.841223 #784] DEBUG -- : REQUESTING PAGE: POST /pointToJ1 with {} and HTTP headers {"HTTP_REFERER"=>"/pointToJ1"}
D, [2017-10-25T09:29:02.841223 #784] DEBUG -- : REQUESTING PAGE: POST /pointToJ1 with {} and HTTP headers {"HTTP_REFERER"=>"/pointToJ1"}
D, [2017-10-25T09:29:02.872474 #784] DEBUG -- : REQUESTING PAGE: GET / with {} and HTTP headers {}
D, [2017-10-25T09:29:02.894525 #784] DEBUG -- : REQUESTING PAGE: POST /start with {} and HTTP headers {"HTTP_REFERER"=>"/"}
D, [2017-10-25T09:29:02.894525 #784] DEBUG -- : REQUESTING PAGE: POST /pointToJ1 with {} and HTTP headers {"HTTP_REFERER"=>"/start"}
D, [2017-10-25T09:29:02.910166 #784] DEBUG -- : REQUESTING PAGE: POST /pointToJ1 with {} and HTTP headers {"HTTP_REFERER"=>"/pointToJ1"}
D, [2017-10-25T09:29:02.925793 #784] DEBUG -- : REQUESTING PAGE: GET / with {} and HTTP headers {"HTTP_REFERER"=>"/pointToJ1"}
D, [2017-10-25T09:29:02.941418 #784] DEBUG -- : REQUESTING PAGE: POST /start with {} and HTTP headers {"HTTP_REFERER"=>"/"}
D, [2017-10-25T09:29:31.792128 #1296] DEBUG -- : REQUESTING PAGE: GET / with {} and HTTP headers {}
D, [2017-10-25T09:29:31.938440 #1296] DEBUG -- : REQUESTING PAGE: GET / with {} and HTTP headers {}
D, [2017-10-25T09:29:31.954068 #1296] DEBUG -- : REQUESTING PAGE: POST /start with {} and HTTP headers {"HTTP_REFERER"=>"/"}
D, [2017-10-25T09:29:31.991822 #1296] DEBUG -- : REQUESTING PAGE: GET / with {} and HTTP headers {}
D, [2017-10-25T09:29:32.007466 #1296] DEBUG -- : REQUESTING PAGE: POST /start with {} and HTTP headers {"HTTP_REFERER"=>"/"}
D, [2017-10-25T09:29:32.023091 #1296] DEBUG -- : REQUESTING PAGE: POST /pointToJ1 with {} and HTTP headers {"HTTP_REFERER"=>"/start"}
D, [2017-10-25T09:29:32.038715 #1296] DEBUG -- : REQUESTING PAGE: GET / with {} and HTTP headers {}
D, [2017-10-25T09:29:32.054342 #1296] DEBUG -- : REQUESTING PAGE: POST /start with {} and HTTP headers {"HTTP_REFERER"=>"/"}
D, [2017-10-25T09:29:32.069997 #1296] DEBUG -- : REQUESTING PAGE: POST /pointToJ2 with {} and HTTP headers {"HTTP_REFERER"=>"/start"}
D, [2017-10-25T09:29:32.091874 #1296] DEBUG -- : REQUESTING PAGE: GET / with {} and HTTP headers {}
D, [2017-10-25T09:29:32.107522 #1296] DEBUG -- : REQUESTING PAGE: POST /start with {} and HTTP headers {"HTTP_REFERER"=>"/"}
D, [2017-10-25T09:29:32.123148 #1296] DEBUG -- : REQUESTING PAGE: POST /pointToJ2 with {} and HTTP headers {"HTTP_REFERER"=>"/start"}
D, [2017-10-25T09:29:32.138772 #1296] DEBUG -- : REQUESTING PAGE: POST /pointToJ1 with {} and HTTP headers {"HTTP_REFERER"=>"/pointToJ2"}
D, [2017-10-25T09:29:32.174769 #1296] DEBUG -- : REQUESTING PAGE: GET / with {} and HTTP headers {}
D, [2017-10-25T09:29:32.191776 #1296] DEBUG -- : REQUESTING PAGE: POST /start with {} and HTTP headers {"HTTP_REFERER"=>"/"}
D, [2017-10-25T09:29:32.191776 #1296] DEBUG -- : REQUESTING PAGE: POST /pointToJ2 with {} and HTTP headers {"HTTP_REFERER"=>"/start"}
D, [2017-10-25T09:29:32.207432 #1296] DEBUG -- : REQUESTING PAGE: POST /pointToJ2 with {} and HTTP headers {"HTTP_REFERER"=>"/pointToJ2"}
D, [2017-10-25T09:29:32.238683 #1296] DEBUG -- : REQUESTING PAGE: GET / with {} and HTTP headers {}
D, [2017-10-25T09:29:32.254308 #1296] DEBUG -- : REQUESTING PAGE: POST /start with {} and HTTP headers {"HTTP_REFERER"=>"/"}
D, [2017-10-25T09:29:32.269934 #1296] DEBUG -- : REQUESTING PAGE: POST /pointToJ1 with {} and HTTP headers {"HTTP_REFERER"=>"/start"}
D, [2017-10-25T09:29:32.292067 #1296] DEBUG -- : REQUESTING PAGE: POST /pointToJ1 with {} and HTTP headers {"HTTP_REFERER"=>"/pointToJ1"}
D, [2017-10-25T09:29:32.307712 #1296] DEBUG -- : REQUESTING PAGE: GET / with {} and HTTP headers {}
D, [2017-10-25T09:29:32.338962 #1296] DEBUG -- : REQUESTING PAGE: POST /start with {} and HTTP headers {"HTTP_REFERER"=>"/"}
D, [2017-10-25T09:29:32.338962 #1296] DEBUG -- : REQUESTING PAGE: POST /pointToJ1 with {} and HTTP headers {"HTTP_REFERER"=>"/start"}
D, [2017-10-25T09:29:32.354586 #1296] DEBUG -- : REQUESTING PAGE: POST /pointToJ1 with {} and HTTP headers {"HTTP_REFERER"=>"/pointToJ1"}
D, [2017-10-25T09:29:32.370219 #1296] DEBUG -- : REQUESTING PAGE: POST /pointToJ1 with {} and HTTP headers {"HTTP_REFERER"=>"/pointToJ1"}
D, [2017-10-25T09:29:32.392343 #1296] DEBUG -- : REQUESTING PAGE: POST /pointToJ1 with {} and HTTP headers {"HTTP_REFERER"=>"/pointToJ1"}
D, [2017-10-25T09:29:32.408082 #1296] DEBUG -- : REQUESTING PAGE: GET / with {} and HTTP headers {}
D, [2017-10-25T09:29:32.423708 #1296] DEBUG -- : REQUESTING PAGE: POST /start with {} and HTTP headers {"HTTP_REFERER"=>"/"}
D, [2017-10-25T09:29:32.454960 #1296] DEBUG -- : REQUESTING PAGE: POST /pointToJ2 with {} and HTTP headers {"HTTP_REFERER"=>"/start"}
D, [2017-10-25T09:29:32.454960 #1296] DEBUG -- : REQUESTING PAGE: POST /pointToJ2 with {} and HTTP headers {"HTTP_REFERER"=>"/pointToJ2"}
D, [2017-10-25T09:29:32.470583 #1296] DEBUG -- : REQUESTING PAGE: POST /pointToJ2 with {} and HTTP headers {"HTTP_REFERER"=>"/pointToJ2"}
D, [2017-10-25T09:29:32.492560 #1296] DEBUG -- : REQUESTING PAGE: POST /pointToJ2 with {} and HTTP headers {"HTTP_REFERER"=>"/pointToJ2"}
D, [2017-10-25T09:29:32.508204 #1296] DEBUG -- : REQUESTING PAGE: GET / with {} and HTTP headers {}
D, [2017-10-25T09:29:32.523828 #1296] DEBUG -- : REQUESTING PAGE: POST /start with {} and HTTP headers {"HTTP_REFERER"=>"/"}
D, [2017-10-25T09:29:32.539454 #1296] DEBUG -- : REQUESTING PAGE: POST /pointToJ2 with {} and HTTP headers {"HTTP_REFERER"=>"/start"}
D, [2017-10-25T09:29:32.555080 #1296] DEBUG -- : REQUESTING PAGE: POST /pointToJ2 with {} and HTTP headers {"HTTP_REFERER"=>"/pointToJ2"}
D, [2017-10-25T09:29:32.570704 #1296] DEBUG -- : REQUESTING PAGE: POST /pointToJ2 with {} and HTTP headers {"HTTP_REFERER"=>"/pointToJ2"}
D, [2017-10-25T09:29:32.624018 #1296] DEBUG -- : REQUESTING PAGE: GET / with {} and HTTP headers {}
D, [2017-10-25T09:29:32.655268 #1296] DEBUG -- : REQUESTING PAGE: POST /start with {} and HTTP headers {"HTTP_REFERER"=>"/"}
D, [2017-10-25T09:29:32.655268 #1296] DEBUG -- : REQUESTING PAGE: POST /pointToJ1 with {} and HTTP headers {"HTTP_REFERER"=>"/start"}
D, [2017-10-25T09:29:32.670876 #1296] DEBUG -- : REQUESTING PAGE: POST /pointToJ1 with {} and HTTP headers {"HTTP_REFERER"=>"/pointToJ1"}
D, [2017-10-25T09:29:32.692921 #1296] DEBUG -- : REQUESTING PAGE: POST /pointToJ1 with {} and HTTP headers {"HTTP_REFERER"=>"/pointToJ1"}
D, [2017-10-25T09:29:32.692921 #1296] DEBUG -- : REQUESTING PAGE: POST /pointToJ2 with {} and HTTP headers {"HTTP_REFERER"=>"/pointToJ1"}
D, [2017-10-25T09:29:32.708576 #1296] DEBUG -- : REQUESTING PAGE: POST /pointToJ2 with {} and HTTP headers {"HTTP_REFERER"=>"/pointToJ2"}
D, [2017-10-25T09:29:32.724201 #1296] DEBUG -- : REQUESTING PAGE: POST /pointToJ2 with {} and HTTP headers {"HTTP_REFERER"=>"/pointToJ2"}
D, [2017-10-25T09:29:32.739826 #1296] DEBUG -- : REQUESTING PAGE: POST /pointToJ1 with {} and HTTP headers {"HTTP_REFERER"=>"/pointToJ2"}
D, [2017-10-25T09:29:32.755451 #1296] DEBUG -- : REQUESTING PAGE: GET / with {} and HTTP headers {}
D, [2017-10-25T09:29:32.771077 #1296] DEBUG -- : REQUESTING PAGE: POST /start with {} and HTTP headers {"HTTP_REFERER"=>"/"}
D, [2017-10-25T09:29:32.792748 #1296] DEBUG -- : REQUESTING PAGE: POST /pointToJ2 with {} and HTTP headers {"HTTP_REFERER"=>"/start"}
D, [2017-10-25T09:29:32.808376 #1296] DEBUG -- : REQUESTING PAGE: POST /pointToJ2 with {} and HTTP headers {"HTTP_REFERER"=>"/pointToJ2"}
D, [2017-10-25T09:29:32.824002 #1296] DEBUG -- : REQUESTING PAGE: POST /pointToJ2 with {} and HTTP headers {"HTTP_REFERER"=>"/pointToJ2"}
D, [2017-10-25T09:29:32.839627 #1296] DEBUG -- : REQUESTING PAGE: POST /pointToJ1 with {} and HTTP headers {"HTTP_REFERER"=>"/pointToJ2"}
D, [2017-10-25T09:29:32.839627 #1296] DEBUG -- : REQUESTING PAGE: POST /pointToJ1 with {} and HTTP headers {"HTTP_REFERER"=>"/pointToJ1"}
D, [2017-10-25T09:29:32.855252 #1296] DEBUG -- : REQUESTING PAGE: POST /pointToJ1 with {} and HTTP headers {"HTTP_REFERER"=>"/pointToJ1"}
D, [2017-10-25T09:29:32.870878 #1296] DEBUG -- : REQUESTING PAGE: POST /pointToJ2 with {} and HTTP headers {"HTTP_REFERER"=>"/pointToJ1"}
D, [2017-10-25T09:29:32.893008 #1296] DEBUG -- : REQUESTING PAGE: GET / with {} and HTTP headers {}
D, [2017-10-25T09:29:32.908644 #1296] DEBUG -- : REQUESTING PAGE: POST /start with {} and HTTP headers {"HTTP_REFERER"=>"/"}
D, [2017-10-25T09:29:32.924270 #1296] DEBUG -- : REQUESTING PAGE: POST /pointToJ2 with {} and HTTP headers {"HTTP_REFERER"=>"/start"}
D, [2017-10-25T09:29:32.924270 #1296] DEBUG -- : REQUESTING PAGE: POST /pointToJ2 with {} and HTTP headers {"HTTP_REFERER"=>"/pointToJ2"}
D, [2017-10-25T09:29:32.939894 #1296] DEBUG -- : REQUESTING PAGE: POST /pointToJ2 with {} and HTTP headers {"HTTP_REFERER"=>"/pointToJ2"}
D, [2017-10-25T09:29:32.955520 #1296] DEBUG -- : REQUESTING PAGE: POST /pointToJ1 with {} and HTTP headers {"HTTP_REFERER"=>"/pointToJ2"}
D, [2017-10-25T09:29:32.971145 #1296] DEBUG -- : REQUESTING PAGE: POST /pointToJ1 with {} and HTTP headers {"HTTP_REFERER"=>"/pointToJ1"}
D, [2017-10-25T09:29:32.988775 #1296] DEBUG -- : REQUESTING PAGE: POST /pointToJ1 with {} and HTTP headers {"HTTP_REFERER"=>"/pointToJ1"}
D, [2017-10-25T09:29:32.993281 #1296] DEBUG -- : REQUESTING PAGE: GET / with {} and HTTP headers {}
D, [2017-10-25T09:29:33.024597 #1296] DEBUG -- : REQUESTING PAGE: POST /start with {} and HTTP headers {"HTTP_REFERER"=>"/"}
D, [2017-10-25T09:29:33.040222 #1296] DEBUG -- : REQUESTING PAGE: POST /pointToJ1 with {} and HTTP headers {"HTTP_REFERER"=>"/start"}
D, [2017-10-25T09:29:33.055849 #1296] DEBUG -- : REQUESTING PAGE: POST /pointToJ1 with {} and HTTP headers {"HTTP_REFERER"=>"/pointToJ1"}
D, [2017-10-25T09:29:33.088105 #1296] DEBUG -- : REQUESTING PAGE: GET / with {} and HTTP headers {"HTTP_REFERER"=>"/pointToJ1"}
D, [2017-10-25T09:29:33.093107 #1296] DEBUG -- : REQUESTING PAGE: POST /start with {} and HTTP headers {"HTTP_REFERER"=>"/"}
